18:50   sassycassi   quit
19:30   unlisted    join
19:30   #synonymous mode +ns undefined
19:32   ChanServ    mode -s+tc undefined
19:34   @unlisted   finally created a channel for our hacking stuff
19:53   yesty   join
19:54   mr_doot join
19:54   hake    join
19:54   @unlisted   need to be the 1337est of them all
19:55   @unlisted   look at this fresh shellcode http://shell-storm.org/shellcode/files/shellcode-813.php
19:55   @unlisted   no more aslr :3
19:56   mr_doot oh m4n th4ts s000 l33t
19:56   mr_doot I f0und th1s c00l 1nd13 t00l http://www.metasploit.com/
19:57   yesty   im b0r3d
19:57   yesty   let's take down PayBud
19:57   yesty   https://github.com/NewEraCracker/LOIC
19:58   _Hyper_ join
19:59   _Hyper_ R th3r3 3v1l h4x0rz 0n d1z ch4n?
19:59   yesty   ye de ev1l hax0r known as 10chan is here
19:59   _Hyper_ 0man
20:00   mr_doot 01111001 01100101 01110011
20:00   _Hyper_ h0w c4n 1 m347 the 1337 h4x0r?
20:00   mr_doot (1m sp34k1ng 3ncrypt3d s0 NASA c4nt spy 0n us)
20:01   _Hyper_ c4n w3 s733l th3 d3cl4r4710n 0f 1nd3p3nd4nc3?
20:02   _Hyper_ N454 1z 5c4ry
20:02   mr_doot y33
20:04   yesty   th3y c4n h34r u5 fr0m 0ut3r sp4c3
20:04   _Hyper_ s0 1 m4d3 4 1337 v1ruz
20:04   _Hyper_ 1tz c4lld :(){:|:};:
20:05   _Hyper_ u c4n run 1t
20:05   mr_doot wtf d1d y0u just h4x m3?
20:06   mr_doot wtff
20:06   _Hyper_ h4xd
20:06   _Hyper_ r3kt
20:06   _Hyper_ n00b g3t 1337
20:06   mr_doot h0w d0 1 f1x
20:06   _Hyper_ d3l3t3 system32
20:06   yesty   g3t pwn3d scr00b
20:06   mr_doot d0nt m4k3 m3 d0xx u
20:07   yesty   h0w t0 tr1f0rc3
20:07   yesty   ???
20:07   _Hyper_ u c4nt d00xx m3 1 h4v3 30 pr0xyz
20:07   _Hyper_ n00b
20:07   _Hyper_ 1 h4v3 0v3r 300 c0nf1rm3d k1llz
20:07   mr_doot ▲
20:07   mr_doot ▲ ▲
20:09   yesty   FeelsBadMan
20:09   _Hyper_ y u n0 sp33k l33t
20:10   _Hyper_ u kn0 irc 1z l1k3 2 b047z m3371ng 0n th3 0c34n
20:10   yesty   4m n0t 2 gud 4t c0mput3rs pls t0 h4lp
20:10   _Hyper_ lu4ck1ly 1 sp33k l33t
20:12   _Hyper_ c4n 2 buy b0tn3t?
20:12   _Hyper_ 1 h4z b1tc01n
20:14   _Hyper_ h3y gu1z buy my m1xt4p3
20:14   mr_doot I'll s3ll b0tn3t, 50 c3nts p3r b0t
20:14   qu4ckl3s    join
20:14   _Hyper_ f u mr_doot u d0nt h4v3 b0tn3t
20:15   _Hyper_ 0 l00k 1tz qu4ckl3s th3 n00b
20:15   _Hyper_ 1 pwn3d ur b0x3z
20:15   qu4ckl3s    o no
20:16   _Hyper_ w1th my d0ds b0tn3t
20:16   _Hyper_ 1 uz3d tr4cr T my h0m13
20:18   @unlisted   w4it guys y0u kn0w wh47 7h3y $4y r1gh7?
20:18   yesty   th3 b35t d3bugg3r
20:18   yesty   http://www.cheatengine.org/
20:18   yesty   wot m8?
20:18   @unlisted   m3$$ w17h 7h3 b3$7, d13 l1k3 th3 r3$t
20:18   _Hyper_ unlisted st0p b13ng 4 n00b n lrn 2 h4k
20:19   @unlisted   h0w am i teh n00b
20:19   @unlisted   https://raw.githubusercontent.com/breadchris/Just4Fun/master/Exploits/fun/patch.py
20:19   @unlisted   fr33 softw4re
20:20   _Hyper_ th4t 1z 1ll 34gl3
20:20   @unlisted   this site is so bad https://skinking.com/market
20:20   @unlisted   that needs to be added to our take down list
20:20   yesty   n0t w3bsc4l3
20:20   _Hyper_ 1f u th1nk th3 l4w 1z r4t10n4l u n33d t0 r3th1nk urself
20:20   yesty   tru
20:20   @unlisted   it aint w3bsc413 at all
20:20   @unlisted   tru
20:21   _Hyper_ 1 h34rd u c4n l4und3r m0n3y 0n th4t s173
20:21   _Hyper_ 1 uz3 17 4 my b7c
20:21   yesty   l00k 4t my 1337 c0d3
20:22   yesty   https://github.com/Devking/ArrayShift
20:22   _Hyper_ 0 m4n
20:22   _Hyper_ wut 4 1337 g3ntl3m4n
20:22   yesty   t4nks m8
20:22   @unlisted   w4t a pr0gr4mm3r
20:22   @unlisted   that man knows how to do the big O
20:23   _Hyper_ th4t guy fuC|<z
20:23   @unlisted   LOL
20:25   yesty   c4n w3 brut3f0rc3 some d00r-err... p4$$w0rd$?
20:25   yesty   https://www.openwall.com/john/
20:25   _Hyper_ 0man
20:25   @unlisted   haha look what i found http://pastebin.com/raw.php?i=vbErZHxz
20:26   _Hyper_ 1f th0z3 w3r3 m4zt3rc4rd i w0uld uz3 my 0day 0n 7h3m
20:32   yesty   ch3ck 0ut th1$ guy$ d0p3 w3b
20:32   yesty   https://www.mitnicksecurity.com/
20:36   qu4ckl3s    quit
20:51   qu4ckl3s    join
22:02   yesty   quit
23:15   qu4ckl3s    quit
23:17   qu4ckl3s    join
00:30   qu4ckl3s    part
02:21   mr_doot quit
12:48   @unlisted   mode +m undefined
13:01   @unlisted   what a great morning for hacking
13:02   @unlisted   the sun is out, the birds are chirping, and all the sites are down
12:04   _Hyper_ part
20:26   yesty   join
20:27   mr_doot join
20:28   qu4ckl3s    join
20:28   @unlisted   mode +r undefined
20:30   @unlisted   mode +v yesty
20:30   @unlisted   mode +v mr_doot
20:30   @unlisted   mode +v qu4ckl3s
20:30   +yesty  so have you guys seen this cool crash i found? http://hastebin.com/ilaxedodur.xml
20:31   +mr_doot    nice, is that your safari crash?
20:31   +yesty  yeah
20:31   +yesty  it worked for a while, but it got patched recently :(
20:31   +qu4ckl3s   oooh a crash
20:31   +qu4ckl3s   i like those
20:34   @unlisted   remember guys, if you have any new clients, make sure you use this one 1KqLXErYQW7jcLAGBLKF1SHkD9LL43kpCr
20:34   @unlisted   we dont want any other cash flow going to the old one that got busted
20:34   +yesty  gottchu
20:35   +yesty  yeah i wrote a rat for that one dude and he paid the old one :(
20:35   +mr_doot    goddamnit yesty, can you not keep being a yesty
20:35   +yesty  :D
20:36   +qu4ckl3s   dang, you guys need to chill
20:36   +qu4ckl3s   also did you see https://github.com/csvoss/oneliner?
20:37   @unlisted   YEAH, I DID
20:37   @unlisted   I WANTED TO DO THAT
20:37   @unlisted   but i have been busy lately with this freaking exploit dev thing
20:40   +qu4ckl3s   ooh what were you working on?
20:41   @unlisted   remember that mysql thing i was working on?
20:41   +qu4ckl3s   yeah
20:41   +yesty  oh did you get that working?!?!? :3
20:42   @unlisted   yus :D
20:42   @unlisted   http://pastebin.com/Fsi349Cm
20:42   +yesty  ooohhh man
20:42   +mr_doot    rip
20:42   +mr_doot    rip
20:42   @unlisted   yeah :3
20:42   @unlisted   oh yeah also we moved our cdn to s3 because #yolo haha
20:42   @unlisted   that means that our new tracker is at http://tracker.amazonaws.com:6969/announce
20:42   @unlisted   well i got to go meet some people, peace
20:42   +yesty  peace
20:47   mr_doot quit
20:47   qu4ckl3s    quit
20:48   yesty   quit
