This file contains any messages produced by compilers while
running configure, to aid debugging if configure makes a mistake.

It was created by Evince configure 3.10.3, which was
generated by GNU Autoconf 2.69.  Invocation command line was

  $ ./configure --disable-nautilus

## --------- ##
## Platform. ##
## --------- ##

hostname = ubuntu
uname -m = x86_64
uname -r = 3.13.0-32-generic
uname -s = Linux
uname -v = #57-Ubuntu SMP Tue Jul 15 03:51:08 UTC 2014

/usr/bin/uname -p = unknown
/bin/uname -X     = unknown

/bin/arch              = unknown
/usr/bin/arch -k       = unknown
/usr/convex/getsysinfo = unknown
/usr/bin/hostinfo      = unknown
/bin/machine           = unknown
/usr/bin/oslevel       = unknown
/bin/universe          = unknown

PATH: /usr/local/sbin
PATH: /usr/local/bin
PATH: /usr/sbin
PATH: /usr/bin
PATH: /sbin
PATH: /bin
PATH: /usr/games
PATH: /usr/local/games


## ----------- ##
## Core tests. ##
## ----------- ##

configure:3083: checking for a BSD-compatible install
configure:3151: result: /usr/bin/install -c
configure:3162: checking whether build environment is sane
configure:3217: result: yes
configure:3368: checking for a thread-safe mkdir -p
configure:3407: result: /bin/mkdir -p
configure:3414: checking for gawk
configure:3444: result: no
configure:3414: checking for mawk
configure:3430: found /usr/bin/mawk
configure:3441: result: mawk
configure:3452: checking whether make sets $(MAKE)
configure:3474: result: yes
configure:3503: checking whether make supports nested variables
configure:3520: result: yes
configure:3609: checking whether UID '1000' is supported by ustar format
configure:3612: result: yes
configure:3619: checking whether GID '1000' is supported by ustar format
configure:3622: result: yes
configure:3630: checking how to create a ustar tar archive
configure:3641: tar --version
tar (GNU tar) 1.27.1
Copyright (C) 2013 Free Software Foundation, Inc.
License GPLv3+: GNU GPL version 3 or later <http://gnu.org/licenses/gpl.html>.
This is free software: you are free to change and redistribute it.
There is NO WARRANTY, to the extent permitted by law.

Written by John Gilmore and Jay Fenlason.
configure:3644: $? = 0
configure:3684: tardir=conftest.dir && eval tar --format=ustar -chf - "$tardir" >conftest.tar
configure:3687: $? = 0
configure:3691: tar -xf - <conftest.tar
configure:3694: $? = 0
configure:3696: cat conftest.dir/file
GrepMe
configure:3699: $? = 0
configure:3712: result: gnutar
configure:3770: checking whether to enable maintainer-specific portions of Makefiles
configure:3779: result: yes
configure:3804: checking whether make supports nested variables
configure:3821: result: yes
configure:3881: checking for gcc
configure:3908: result: clang
configure:4137: checking for C compiler version
configure:4146: clang --version >&5
Ubuntu clang version 3.4-1ubuntu3 (tags/RELEASE_34/final) (based on LLVM 3.4)
Target: x86_64-pc-linux-gnu
Thread model: posix
configure:4157: $? = 0
configure:4146: clang -v >&5
Ubuntu clang version 3.4-1ubuntu3 (tags/RELEASE_34/final) (based on LLVM 3.4)
Target: x86_64-pc-linux-gnu
Thread model: posix
Found candidate GCC installation: /usr/bin/../lib/gcc/i686-linux-gnu/4.9
Found candidate GCC installation: /usr/bin/../lib/gcc/i686-linux-gnu/4.9.1
Found candidate GCC installation: /usr/bin/../lib/gcc/x86_64-linux-gnu/4.8
Found candidate GCC installation: /usr/bin/../lib/gcc/x86_64-linux-gnu/4.8.2
Found candidate GCC installation: /usr/bin/../lib/gcc/x86_64-linux-gnu/4.9
Found candidate GCC installation: /usr/bin/../lib/gcc/x86_64-linux-gnu/4.9.1
Found candidate GCC installation: /usr/lib/gcc/i686-linux-gnu/4.9
... rest of stderr output deleted ...
configure:4157: $? = 0
configure:4146: clang -V >&5
clang: error: argument to '-V' is missing (expected 1 value)
clang: error: no input files
configure:4157: $? = 1
configure:4146: clang -qversion >&5
clang: error: unknown argument: '-qversion'
clang: error: no input files
configure:4157: $? = 1
configure:4177: checking whether the C compiler works
configure:4199: clang -fsanitize=address -O1 -fno-omit-frame-pointer -g   conftest.c  >&5
configure:4203: $? = 0
configure:4251: result: yes
configure:4254: checking for C compiler default output file name
configure:4256: result: a.out
configure:4262: checking for suffix of executables
configure:4269: clang -o conftest -fsanitize=address -O1 -fno-omit-frame-pointer -g   conftest.c  >&5
configure:4273: $? = 0
configure:4295: result: 
configure:4317: checking whether we are cross compiling
configure:4325: clang -o conftest -fsanitize=address -O1 -fno-omit-frame-pointer -g   conftest.c  >&5
configure:4329: $? = 0
configure:4336: ./conftest
configure:4340: $? = 0
configure:4355: result: no
configure:4360: checking for suffix of object files
configure:4382: clang -c -fsanitize=address -O1 -fno-omit-frame-pointer -g  conftest.c >&5
configure:4386: $? = 0
configure:4407: result: o
configure:4411: checking whether we are using the GNU C compiler
configure:4430: clang -c -fsanitize=address -O1 -fno-omit-frame-pointer -g  conftest.c >&5
configure:4430: $? = 0
configure:4439: result: yes
configure:4448: checking whether clang accepts -g
configure:4468: clang -c -g  conftest.c >&5
configure:4468: $? = 0
configure:4509: result: yes
configure:4526: checking for clang option to accept ISO C89
configure:4589: clang  -c -fsanitize=address -O1 -fno-omit-frame-pointer -g  conftest.c >&5
configure:4589: $? = 0
configure:4602: result: none needed
configure:4627: checking whether clang understands -c and -o together
configure:4649: clang -c conftest.c -o conftest2.o
configure:4652: $? = 0
configure:4649: clang -c conftest.c -o conftest2.o
configure:4652: $? = 0
configure:4664: result: yes
configure:4692: checking for style of include used by make
configure:4720: result: GNU
configure:4746: checking dependency style of clang
configure:4857: result: gcc3
configure:4931: checking for g++
configure:4947: found /usr/bin/g++
configure:4958: result: g++
configure:4985: checking for C++ compiler version
configure:4994: g++ --version >&5
g++ (Ubuntu 4.8.2-19ubuntu1) 4.8.2
Copyright (C) 2013 Free Software Foundation, Inc.
This is free software; see the source for copying conditions.  There is NO
warranty; not even for MERCHANTABILITY or FITNESS FOR A PARTICULAR PURPOSE.

configure:5005: $? = 0
configure:4994: g++ -v >&5
Using built-in specs.
COLLECT_GCC=g++
COLLECT_LTO_WRAPPER=/usr/lib/gcc/x86_64-linux-gnu/4.8/lto-wrapper
Target: x86_64-linux-gnu
Configured with: ../src/configure -v --with-pkgversion='Ubuntu 4.8.2-19ubuntu1' --with-bugurl=file:///usr/share/doc/gcc-4.8/README.Bugs --enable-languages=c,c++,java,go,d,fortran,objc,obj-c++ --prefix=/usr --program-suffix=-4.8 --enable-shared --enable-linker-build-id --libexecdir=/usr/lib --without-included-gettext --enable-threads=posix --with-gxx-include-dir=/usr/include/c++/4.8 --libdir=/usr/lib --enable-nls --with-sysroot=/ --enable-clocale=gnu --enable-libstdcxx-debug --enable-libstdcxx-time=yes --enable-gnu-unique-object --disable-libmudflap --enable-plugin --with-system-zlib --disable-browser-plugin --enable-java-awt=gtk --enable-gtk-cairo --with-java-home=/usr/lib/jvm/java-1.5.0-gcj-4.8-amd64/jre --enable-java-home --with-jvm-root-dir=/usr/lib/jvm/java-1.5.0-gcj-4.8-amd64 --with-jvm-jar-dir=/usr/lib/jvm-exports/java-1.5.0-gcj-4.8-amd64 --with-arch-directory=amd64 --with-ecj-jar=/usr/share/java/eclipse-ecj.jar --enable-objc-gc --enable-multiarch --disable-werror --with-arch-32=i686 --with-abi=m64 --with-multilib-list=m32,m64,mx32 --with-tune=generic --enable-checking=release --build=x86_64-linux-gnu --host=x86_64-linux-gnu --target=x86_64-linux-gnu
Thread model: posix
gcc version 4.8.2 (Ubuntu 4.8.2-19ubuntu1) 
configure:5005: $? = 0
configure:4994: g++ -V >&5
g++: error: unrecognized command line option '-V'
g++: fatal error: no input files
compilation terminated.
configure:5005: $? = 4
configure:4994: g++ -qversion >&5
g++: error: unrecognized command line option '-qversion'
g++: fatal error: no input files
compilation terminated.
configure:5005: $? = 4
configure:5009: checking whether we are using the GNU C++ compiler
configure:5028: g++ -c   conftest.cpp >&5
configure:5028: $? = 0
configure:5037: result: yes
configure:5046: checking whether g++ accepts -g
configure:5066: g++ -c -g  conftest.cpp >&5
configure:5066: $? = 0
configure:5107: result: yes
configure:5132: checking dependency style of g++
configure:5243: result: gcc3
configure:5259: checking for a sed that does not truncate output
configure:5323: result: /bin/sed
configure:5360: checking build system type
configure:5374: result: x86_64-unknown-linux-gnu
configure:5394: checking host system type
configure:5407: result: x86_64-unknown-linux-gnu
configure:5448: checking how to print strings
configure:5475: result: printf
configure:5496: checking for a sed that does not truncate output
configure:5560: result: /bin/sed
configure:5578: checking for grep that handles long lines and -e
configure:5636: result: /bin/grep
configure:5641: checking for egrep
configure:5703: result: /bin/grep -E
configure:5708: checking for fgrep
configure:5770: result: /bin/grep -F
configure:5805: checking for ld used by clang
configure:5872: result: /usr/bin/ld
configure:5879: checking if the linker (/usr/bin/ld) is GNU ld
configure:5894: result: yes
configure:5906: checking for BSD- or MS-compatible name lister (nm)
configure:5955: result: /usr/bin/nm -B
configure:6085: checking the name lister (/usr/bin/nm -B) interface
configure:6092: clang -c -fsanitize=address -O1 -fno-omit-frame-pointer -g  conftest.c >&5
configure:6095: /usr/bin/nm -B "conftest.o"
configure:6098: output
0000000000000000 r __asan_gen_
0000000000000000 r __asan_gen_1
                 U __asan_init_v3
0000000000000000 V __asan_mapping_offset
0000000000000000 V __asan_mapping_scale
                 U __asan_register_globals
                 U __asan_unregister_globals
0000000000000000 d __unnamed_1
0000000000000000 t asan.module_ctor
0000000000000030 t asan.module_dtor
0000000000000000 B some_variable
configure:6105: result: BSD nm
configure:6108: checking whether ln -s works
configure:6112: result: yes
configure:6120: checking the maximum length of command line arguments
configure:6251: result: 1572864
configure:6268: checking whether the shell understands some XSI constructs
configure:6278: result: yes
configure:6282: checking whether the shell understands "+="
configure:6288: result: yes
configure:6323: checking how to convert x86_64-unknown-linux-gnu file names to x86_64-unknown-linux-gnu format
configure:6363: result: func_convert_file_noop
configure:6370: checking how to convert x86_64-unknown-linux-gnu file names to toolchain format
configure:6390: result: func_convert_file_noop
configure:6397: checking for /usr/bin/ld option to reload object files
configure:6404: result: -r
configure:6478: checking for objdump
configure:6494: found /usr/bin/objdump
configure:6505: result: objdump
configure:6537: checking how to recognize dependent libraries
configure:6735: result: pass_all
configure:6820: checking for dlltool
configure:6850: result: no
configure:6880: checking how to associate runtime and link libraries
configure:6907: result: printf %s\n
configure:6968: checking for ar
configure:6984: found /usr/bin/ar
configure:6995: result: ar
configure:7032: checking for archiver @FILE support
configure:7049: clang -c -fsanitize=address -O1 -fno-omit-frame-pointer -g  conftest.c >&5
configure:7049: $? = 0
configure:7052: ar cru libconftest.a @conftest.lst >&5
configure:7055: $? = 0
configure:7060: ar cru libconftest.a @conftest.lst >&5
ar: conftest.o: No such file or directory
configure:7063: $? = 1
configure:7075: result: @
configure:7133: checking for strip
configure:7149: found /usr/bin/strip
configure:7160: result: strip
configure:7232: checking for ranlib
configure:7248: found /usr/bin/ranlib
configure:7259: result: ranlib
configure:7361: checking command to parse /usr/bin/nm -B output from clang object
configure:7481: clang -c -fsanitize=address -O1 -fno-omit-frame-pointer -g  conftest.c >&5
configure:7484: $? = 0
configure:7488: /usr/bin/nm -B conftest.o \| sed -n -e 's/^.*[ ]\([ABCDGIRSTW][ABCDGIRSTW]*\)[ ][ ]*\([_A-Za-z][_A-Za-z0-9]*\)$/\1 \2 \2/p' | sed '/ __gnu_lto/d' \> conftest.nm
configure:7491: $? = 0
configure:7557: clang -o conftest -fsanitize=address -O1 -fno-omit-frame-pointer -g   conftest.c conftstm.o >&5
configure:7560: $? = 0
configure:7598: result: ok
configure:7635: checking for sysroot
configure:7665: result: no
configure:7742: clang -c -fsanitize=address -O1 -fno-omit-frame-pointer -g  conftest.c >&5
configure:7745: $? = 0
configure:7928: checking for mt
configure:7944: found /bin/mt
configure:7955: result: mt
configure:7978: checking if mt is a manifest tool
configure:7984: mt '-?'
configure:7992: result: no
configure:8634: checking how to run the C preprocessor
configure:8665: clang -E  conftest.c
configure:8665: $? = 0
configure:8679: clang -E  conftest.c
conftest.c:11:10: fatal error: 'ac_nonexistent.h' file not found
#include <ac_nonexistent.h>
         ^
1 error generated.
configure:8679: $? = 1
configure: failed program was:
| /* confdefs.h */
| #define PACKAGE_NAME "Evince"
| #define PACKAGE_TARNAME "evince"
| #define PACKAGE_VERSION "3.10.3"
| #define PACKAGE_STRING "Evince 3.10.3"
| #define PACKAGE_BUGREPORT "http://bugzilla.gnome.org/enter_bug.cgi?product=evince"
| #define PACKAGE_URL ""
| #define PACKAGE "evince"
| #define VERSION "3.10.3"
| /* end confdefs.h.  */
| #include <ac_nonexistent.h>
configure:8704: result: clang -E
configure:8724: clang -E  conftest.c
configure:8724: $? = 0
configure:8738: clang -E  conftest.c
conftest.c:11:10: fatal error: 'ac_nonexistent.h' file not found
#include <ac_nonexistent.h>
         ^
1 error generated.
configure:8738: $? = 1
configure: failed program was:
| /* confdefs.h */
| #define PACKAGE_NAME "Evince"
| #define PACKAGE_TARNAME "evince"
| #define PACKAGE_VERSION "3.10.3"
| #define PACKAGE_STRING "Evince 3.10.3"
| #define PACKAGE_BUGREPORT "http://bugzilla.gnome.org/enter_bug.cgi?product=evince"
| #define PACKAGE_URL ""
| #define PACKAGE "evince"
| #define VERSION "3.10.3"
| /* end confdefs.h.  */
| #include <ac_nonexistent.h>
configure:8767: checking for ANSI C header files
configure:8787: clang -c -fsanitize=address -O1 -fno-omit-frame-pointer -g  conftest.c >&5
configure:8787: $? = 0
configure:8860: clang -o conftest -fsanitize=address -O1 -fno-omit-frame-pointer -g   conftest.c  >&5
configure:8860: $? = 0
configure:8860: ./conftest
configure:8860: $? = 0
configure:8871: result: yes
configure:8884: checking for sys/types.h
configure:8884: clang -c -fsanitize=address -O1 -fno-omit-frame-pointer -g  conftest.c >&5
configure:8884: $? = 0
configure:8884: result: yes
configure:8884: checking for sys/stat.h
configure:8884: clang -c -fsanitize=address -O1 -fno-omit-frame-pointer -g  conftest.c >&5
configure:8884: $? = 0
configure:8884: result: yes
configure:8884: checking for stdlib.h
configure:8884: clang -c -fsanitize=address -O1 -fno-omit-frame-pointer -g  conftest.c >&5
configure:8884: $? = 0
configure:8884: result: yes
configure:8884: checking for string.h
configure:8884: clang -c -fsanitize=address -O1 -fno-omit-frame-pointer -g  conftest.c >&5
configure:8884: $? = 0
configure:8884: result: yes
configure:8884: checking for memory.h
configure:8884: clang -c -fsanitize=address -O1 -fno-omit-frame-pointer -g  conftest.c >&5
configure:8884: $? = 0
configure:8884: result: yes
configure:8884: checking for strings.h
configure:8884: clang -c -fsanitize=address -O1 -fno-omit-frame-pointer -g  conftest.c >&5
configure:8884: $? = 0
configure:8884: result: yes
configure:8884: checking for inttypes.h
configure:8884: clang -c -fsanitize=address -O1 -fno-omit-frame-pointer -g  conftest.c >&5
configure:8884: $? = 0
configure:8884: result: yes
configure:8884: checking for stdint.h
configure:8884: clang -c -fsanitize=address -O1 -fno-omit-frame-pointer -g  conftest.c >&5
configure:8884: $? = 0
configure:8884: result: yes
configure:8884: checking for unistd.h
configure:8884: clang -c -fsanitize=address -O1 -fno-omit-frame-pointer -g  conftest.c >&5
configure:8884: $? = 0
configure:8884: result: yes
configure:8898: checking for dlfcn.h
configure:8898: clang -c -fsanitize=address -O1 -fno-omit-frame-pointer -g  conftest.c >&5
configure:8898: $? = 0
configure:8898: result: yes
configure:9115: checking for objdir
configure:9130: result: .libs
configure:9401: checking if clang supports -fno-rtti -fno-exceptions
configure:9419: clang -c -fsanitize=address -O1 -fno-omit-frame-pointer -g  -fno-rtti -fno-exceptions conftest.c >&5
configure:9423: $? = 0
configure:9436: result: yes
configure:9763: checking for clang option to produce PIC
configure:9770: result: -fPIC -DPIC
configure:9778: checking if clang PIC flag -fPIC -DPIC works
configure:9796: clang -c -fsanitize=address -O1 -fno-omit-frame-pointer -g  -fPIC -DPIC -DPIC conftest.c >&5
configure:9800: $? = 0
configure:9813: result: yes
configure:9842: checking if clang static flag -static works
configure:9870: result: no
configure:9885: checking if clang supports -c -o file.o
configure:9906: clang -c -fsanitize=address -O1 -fno-omit-frame-pointer -g  -o out/conftest2.o conftest.c >&5
configure:9910: $? = 0
configure:9932: result: yes
configure:9940: checking if clang supports -c -o file.o
configure:9987: result: yes
configure:10020: checking whether the clang linker (/usr/bin/ld -m elf_x86_64) supports shared libraries
configure:11177: result: yes
configure:11214: checking whether -lc should be explicitly linked in
configure:11222: clang -c -fsanitize=address -O1 -fno-omit-frame-pointer -g  conftest.c >&5
configure:11225: $? = 0
configure:11240: clang -shared  -fPIC -DPIC conftest.o  -v -Wl,-soname -Wl,conftest -o conftest 2\>\&1 \| /bin/grep  -lc  \>/dev/null 2\>\&1
configure:11243: $? = 0
configure:11257: result: no
configure:11417: checking dynamic linker characteristics
configure:11917: clang -o conftest -fsanitize=address -O1 -fno-omit-frame-pointer -g   -Wl,-rpath -Wl,/foo conftest.c  >&5
configure:11917: $? = 0
configure:12151: result: GNU/Linux ld.so
configure:12258: checking how to hardcode library paths into programs
configure:12283: result: immediate
configure:12823: checking whether stripping libraries is possible
configure:12828: result: yes
configure:12863: checking if libtool supports shared libraries
configure:12865: result: yes
configure:12868: checking whether to build shared libraries
configure:12889: result: yes
configure:12892: checking whether to build static libraries
configure:12896: result: yes
configure:12919: checking how to run the C++ preprocessor
configure:12946: g++ -E  conftest.cpp
configure:12946: $? = 0
configure:12960: g++ -E  conftest.cpp
conftest.cpp:23:28: fatal error: ac_nonexistent.h: No such file or directory
 #include <ac_nonexistent.h>
                            ^
compilation terminated.
configure:12960: $? = 1
configure: failed program was:
| /* confdefs.h */
| #define PACKAGE_NAME "Evince"
| #define PACKAGE_TARNAME "evince"
| #define PACKAGE_VERSION "3.10.3"
| #define PACKAGE_STRING "Evince 3.10.3"
| #define PACKAGE_BUGREPORT "http://bugzilla.gnome.org/enter_bug.cgi?product=evince"
| #define PACKAGE_URL ""
| #define PACKAGE "evince"
| #define VERSION "3.10.3"
| #define STDC_HEADERS 1
| #define HAVE_SYS_TYPES_H 1
| #define HAVE_SYS_STAT_H 1
| #define HAVE_STDLIB_H 1
| #define HAVE_STRING_H 1
| #define HAVE_MEMORY_H 1
| #define HAVE_STRINGS_H 1
| #define HAVE_INTTYPES_H 1
| #define HAVE_STDINT_H 1
| #define HAVE_UNISTD_H 1
| #define HAVE_DLFCN_H 1
| #define LT_OBJDIR ".libs/"
| /* end confdefs.h.  */
| #include <ac_nonexistent.h>
configure:12985: result: g++ -E
configure:13005: g++ -E  conftest.cpp
configure:13005: $? = 0
configure:13019: g++ -E  conftest.cpp
conftest.cpp:23:28: fatal error: ac_nonexistent.h: No such file or directory
 #include <ac_nonexistent.h>
                            ^
compilation terminated.
configure:13019: $? = 1
configure: failed program was:
| /* confdefs.h */
| #define PACKAGE_NAME "Evince"
| #define PACKAGE_TARNAME "evince"
| #define PACKAGE_VERSION "3.10.3"
| #define PACKAGE_STRING "Evince 3.10.3"
| #define PACKAGE_BUGREPORT "http://bugzilla.gnome.org/enter_bug.cgi?product=evince"
| #define PACKAGE_URL ""
| #define PACKAGE "evince"
| #define VERSION "3.10.3"
| #define STDC_HEADERS 1
| #define HAVE_SYS_TYPES_H 1
| #define HAVE_SYS_STAT_H 1
| #define HAVE_STDLIB_H 1
| #define HAVE_STRING_H 1
| #define HAVE_MEMORY_H 1
| #define HAVE_STRINGS_H 1
| #define HAVE_INTTYPES_H 1
| #define HAVE_STDINT_H 1
| #define HAVE_UNISTD_H 1
| #define HAVE_DLFCN_H 1
| #define LT_OBJDIR ".libs/"
| /* end confdefs.h.  */
| #include <ac_nonexistent.h>
configure:13188: checking for ld used by g++
configure:13255: result: /usr/bin/ld -m elf_x86_64
configure:13262: checking if the linker (/usr/bin/ld -m elf_x86_64) is GNU ld
configure:13277: result: yes
configure:13332: checking whether the g++ linker (/usr/bin/ld -m elf_x86_64) supports shared libraries
configure:14334: result: yes
configure:14370: g++ -c -g -O2  conftest.cpp >&5
configure:14373: $? = 0
configure:14893: checking for g++ option to produce PIC
configure:14900: result: -fPIC -DPIC
configure:14908: checking if g++ PIC flag -fPIC -DPIC works
configure:14926: g++ -c -g -O2  -fPIC -DPIC -DPIC conftest.cpp >&5
configure:14930: $? = 0
configure:14943: result: yes
configure:14966: checking if g++ static flag -static works
configure:14994: result: yes
configure:15006: checking if g++ supports -c -o file.o
configure:15027: g++ -c -g -O2  -o out/conftest2.o conftest.cpp >&5
configure:15031: $? = 0
configure:15053: result: yes
configure:15058: checking if g++ supports -c -o file.o
configure:15105: result: yes
configure:15135: checking whether the g++ linker (/usr/bin/ld -m elf_x86_64) supports shared libraries
configure:15174: result: yes
configure:15315: checking dynamic linker characteristics
configure:15983: result: GNU/Linux ld.so
configure:16036: checking how to hardcode library paths into programs
configure:16061: result: immediate
configure:16210: checking for cos in -lm
configure:16235: clang -o conftest -fsanitize=address -O1 -fno-omit-frame-pointer -g   conftest.c -lm   >&5
conftest.c:30:6: warning: incompatible redeclaration of library function 'cos' [-Wincompatible-library-redeclaration]
char cos ();
     ^
conftest.c:30:6: note: 'cos' is a builtin with type 'double (double)'
1 warning generated.
configure:16235: $? = 0
configure:16244: result: yes
configure:16264: checking what warning flags to pass to the C++ compiler
configure:16284: result: -Wall -Wno-unused
configure:16295: checking what language compliance flags to pass to the C++ compiler
configure:16311: result: 
configure:16319: checking whether NLS is requested
configure:16328: result: yes
configure:16346: checking for intltool >= 0.35.0
configure:16348: result: 0.50.2 found
configure:16356: checking for intltool-update
configure:16374: found /usr/bin/intltool-update
configure:16386: result: /usr/bin/intltool-update
configure:16396: checking for intltool-merge
configure:16414: found /usr/bin/intltool-merge
configure:16426: result: /usr/bin/intltool-merge
configure:16436: checking for intltool-extract
configure:16454: found /usr/bin/intltool-extract
configure:16466: result: /usr/bin/intltool-extract
configure:16620: checking for xgettext
configure:16638: found /usr/bin/xgettext
configure:16650: result: /usr/bin/xgettext
configure:16660: checking for msgmerge
configure:16678: found /usr/bin/msgmerge
configure:16690: result: /usr/bin/msgmerge
configure:16700: checking for msgfmt
configure:16718: found /usr/bin/msgfmt
configure:16730: result: /usr/bin/msgfmt
configure:16740: checking for gmsgfmt
configure:16771: result: /usr/bin/msgfmt
configure:16791: checking for perl
configure:16809: found /usr/bin/perl
configure:16821: result: /usr/bin/perl
configure:16832: checking for perl >= 5.8.1
configure:16839: result: 5.18.2
configure:16843: checking for XML::Parser
configure:16846: result: ok
configure:16871: clang -o conftest -fsanitize=address -O1 -fno-omit-frame-pointer -g   conftest.c  >&5
configure:16871: $? = 0
configure:16908: checking locale.h usability
configure:16908: clang -c -fsanitize=address -O1 -fno-omit-frame-pointer -g  conftest.c >&5
configure:16908: $? = 0
configure:16908: result: yes
configure:16908: checking locale.h presence
configure:16908: clang -E  conftest.c
configure:16908: $? = 0
configure:16908: result: yes
configure:16908: checking for locale.h
configure:16908: result: yes
configure:16919: checking for LC_MESSAGES
configure:16935: clang -o conftest -fsanitize=address -O1 -fno-omit-frame-pointer -g   conftest.c  >&5
configure:16935: $? = 0
configure:16943: result: yes
configure:16960: checking libintl.h usability
configure:16960: clang -c -fsanitize=address -O1 -fno-omit-frame-pointer -g  conftest.c >&5
configure:16960: $? = 0
configure:16960: result: yes
configure:16960: checking libintl.h presence
configure:16960: clang -E  conftest.c
configure:16960: $? = 0
configure:16960: result: yes
configure:16960: checking for libintl.h
configure:16960: result: yes
configure:16968: checking for ngettext in libc
configure:16986: clang -o conftest -fsanitize=address -O1 -fno-omit-frame-pointer -g   conftest.c  >&5
configure:16986: $? = 0
configure:16995: result: yes
configure:16999: checking for dgettext in libc
configure:17017: clang -o conftest -fsanitize=address -O1 -fno-omit-frame-pointer -g   conftest.c  >&5
configure:17017: $? = 0
configure:17026: result: yes
configure:17033: checking for bind_textdomain_codeset
configure:17033: clang -o conftest -fsanitize=address -O1 -fno-omit-frame-pointer -g   conftest.c  >&5
configure:17033: $? = 0
configure:17033: result: yes
configure:17309: checking for msgfmt
configure:17336: result: /usr/bin/msgfmt
configure:17347: checking for dcgettext
configure:17347: clang -o conftest -fsanitize=address -O1 -fno-omit-frame-pointer -g   conftest.c   >&5
configure:17347: $? = 0
configure:17347: result: yes
configure:17357: checking if msgfmt accepts -c
configure:17372: $MSGFMT -c -o /dev/null conftest.foo
conftest.foo:3: warning: header field 'Language' missing in header
configure:17375: $? = 0
configure:17377: result: yes
configure:17387: checking for gmsgfmt
configure:17418: result: /usr/bin/msgfmt
configure:17428: checking for xgettext
configure:17455: result: /usr/bin/xgettext
configure:17474: clang -o conftest -fsanitize=address -O1 -fno-omit-frame-pointer -g   conftest.c   >&5
configure:17474: $? = 0
configure:17683: checking for pkg-config
configure:17701: found /usr/bin/pkg-config
configure:17713: result: /usr/bin/pkg-config
configure:17738: checking pkg-config is at least version 0.16
configure:17741: result: yes
configure:17852: checking for which platform to build
configure:17869: result: gnome
configure:18017: checking zlib.h usability
configure:18017: clang -c -fsanitize=address -O1 -fno-omit-frame-pointer -g  conftest.c >&5
configure:18017: $? = 0
configure:18017: result: yes
configure:18017: checking zlib.h presence
configure:18017: clang -E  conftest.c
configure:18017: $? = 0
configure:18017: result: yes
configure:18017: checking for zlib.h
configure:18017: result: yes
configure:18022: checking for inflate in -lz
configure:18047: clang -o conftest -fsanitize=address -O1 -fno-omit-frame-pointer -g   conftest.c -lz   >&5
configure:18047: $? = 0
configure:18056: result: yes
configure:18059: checking for crc32 in -lz
configure:18084: clang -o conftest -fsanitize=address -O1 -fno-omit-frame-pointer -g   conftest.c -lz   >&5
configure:18084: $? = 0
configure:18093: result: yes
configure:18121: checking for LIBDOCUMENT
configure:18128: $PKG_CONFIG --exists --print-errors "gtk+-3.0 >= $GTK_REQUIRED gio-2.0 >= $GLIB_REQUIRED gmodule-no-export-2.0 >= $GLIB_REQUIRED gmodule-2.0"
configure:18131: $? = 0
configure:18145: $PKG_CONFIG --exists --print-errors "gtk+-3.0 >= $GTK_REQUIRED gio-2.0 >= $GLIB_REQUIRED gmodule-no-export-2.0 >= $GLIB_REQUIRED gmodule-2.0"
configure:18148: $? = 0
configure:18206: result: yes
configure:18212: checking for LIBVIEW
configure:18219: $PKG_CONFIG --exists --print-errors "gtk+-3.0 >= $GTK_REQUIRED gail-3.0 >= $GTK_REQUIRED gthread-2.0 gio-2.0 >= $GLIB_REQUIRED"
configure:18222: $? = 0
configure:18236: $PKG_CONFIG --exists --print-errors "gtk+-3.0 >= $GTK_REQUIRED gail-3.0 >= $GTK_REQUIRED gthread-2.0 gio-2.0 >= $GLIB_REQUIRED"
configure:18239: $? = 0
configure:18297: result: yes
configure:18303: checking for BACKEND
configure:18310: $PKG_CONFIG --exists --print-errors "cairo >= $CAIRO_REQUIRED gtk+-3.0 >= $GTK_REQUIRED"
configure:18313: $? = 0
configure:18327: $PKG_CONFIG --exists --print-errors "cairo >= $CAIRO_REQUIRED gtk+-3.0 >= $GTK_REQUIRED"
configure:18330: $? = 0
configure:18388: result: yes
configure:18394: checking for FRONTEND_CORE
configure:18401: $PKG_CONFIG --exists --print-errors "gtk+-3.0 >= $GTK_REQUIRED gthread-2.0 gio-2.0 >= $GLIB_REQUIRED gmodule-no-export-2.0 >= $GLIB_REQUIRED"
configure:18404: $? = 0
configure:18418: $PKG_CONFIG --exists --print-errors "gtk+-3.0 >= $GTK_REQUIRED gthread-2.0 gio-2.0 >= $GLIB_REQUIRED gmodule-no-export-2.0 >= $GLIB_REQUIRED"
configure:18421: $? = 0
configure:18479: result: yes
configure:18506: checking for SHELL_CORE
configure:18513: $PKG_CONFIG --exists --print-errors "libxml-2.0 >= $LIBXML_REQUIRED gtk+-3.0 >= $GTK_REQUIRED gio-2.0 >= $GLIB_REQUIRED gmodule-no-export-2.0 >= $GLIB_REQUIRED gthread-2.0 $SHELL_PLATFORM_PKGS"
configure:18516: $? = 0
configure:18530: $PKG_CONFIG --exists --print-errors "libxml-2.0 >= $LIBXML_REQUIRED gtk+-3.0 >= $GTK_REQUIRED gio-2.0 >= $GLIB_REQUIRED gmodule-no-export-2.0 >= $GLIB_REQUIRED gthread-2.0 $SHELL_PLATFORM_PKGS"
configure:18533: $? = 0
configure:18591: result: yes
configure:18603: checking for glib-genmarshal
configure:18621: found /usr/bin/glib-genmarshal
configure:18633: result: /usr/bin/glib-genmarshal
configure:18648: checking for glib-mkenums
configure:18666: found /usr/bin/glib-mkenums
configure:18678: result: /usr/bin/glib-mkenums
configure:18693: checking for glib-compile-resources
configure:18711: found /usr/bin/glib-compile-resources
configure:18723: result: /usr/bin/glib-compile-resources
configure:18738: checking for xmllint
configure:18756: found /usr/bin/xmllint
configure:18768: result: /usr/bin/xmllint
configure:18783: checking for gdbus-codegen
configure:18801: found /usr/bin/gdbus-codegen
configure:18813: result: /usr/bin/gdbus-codegen
configure:18831: checking which smclient backend to use
configure:18849: result: xsmp
configure:18864: checking for SMCLIENT
configure:18871: $PKG_CONFIG --exists --print-errors "gtk+-3.0 gthread-2.0 $SMCLIENT_PKGS"
configure:18874: $? = 0
configure:18888: $PKG_CONFIG --exists --print-errors "gtk+-3.0 gthread-2.0 $SMCLIENT_PKGS"
configure:18891: $? = 0
configure:18949: result: yes
configure:18999: checking for cairo_format_stride_for_width
configure:18999: clang -o conftest -fsanitize=address -O1 -fno-omit-frame-pointer -g   conftest.c  -lgtk-3 -lgdk-3 -latk-1.0 -lgio-2.0 -lpangocairo-1.0 -lgdk_pixbuf-2.0 -lcairo-gobject -lpango-1.0 -lcairo -lgobject-2.0 -lglib-2.0   >&5
configure:18999: $? = 0
configure:18999: result: yes
configure:19014: checking whether gtk+-unix-print support is requested
configure:19028: result: yes
configure:19034: checking for GTKUNIXPRINT
configure:19041: $PKG_CONFIG --exists --print-errors "gtk+-unix-print-3.0 >= $GTK_REQUIRED"
configure:19044: $? = 0
configure:19058: $PKG_CONFIG --exists --print-errors "gtk+-unix-print-3.0 >= $GTK_REQUIRED"
configure:19061: $? = 0
configure:19119: result: yes
configure:19156: checking for LIBSECRET
configure:19163: $PKG_CONFIG --exists --print-errors "libsecret-1 >= $LIBSECRET_REQUIRED"
configure:19166: $? = 0
configure:19180: $PKG_CONFIG --exists --print-errors "libsecret-1 >= $LIBSECRET_REQUIRED"
configure:19183: $? = 0
configure:19241: result: yes
configure:19271: checking for EV_DAEMON
configure:19278: $PKG_CONFIG --exists --print-errors "gio-2.0 >= $GLIB_REQUIRED gio-unix-2.0"
configure:19281: $? = 0
configure:19295: $PKG_CONFIG --exists --print-errors "gio-2.0 >= $GLIB_REQUIRED gio-unix-2.0"
configure:19298: $? = 0
configure:19356: result: yes
configure:19373: checking for DESKTOP_SCHEMAS
configure:19380: $PKG_CONFIG --exists --print-errors "gsettings-desktop-schemas"
configure:19383: $? = 0
configure:19397: $PKG_CONFIG --exists --print-errors "gsettings-desktop-schemas"
configure:19400: $? = 0
configure:19438: result: yes
configure:19780: checking for PREVIEWER
configure:19787: $PKG_CONFIG --exists --print-errors "gtk+-3.0 >= $GTK_REQUIRED gthread-2.0 gio-2.0 >= $GLIB_REQUIRED gmodule-no-export-2.0 >= $GLIB_REQUIRED"
configure:19790: $? = 0
configure:19804: $PKG_CONFIG --exists --print-errors "gtk+-3.0 >= $GTK_REQUIRED gthread-2.0 gio-2.0 >= $GLIB_REQUIRED gmodule-no-export-2.0 >= $GLIB_REQUIRED"
configure:19807: $? = 0
configure:19865: result: yes
configure:19904: checking for gobject-introspection
configure:19950: result: no (disabled, use --enable-introspection to enable)
configure:19991: checking execinfo.h usability
configure:19991: clang -c -fsanitize=address -O1 -fno-omit-frame-pointer -g  conftest.c >&5
configure:19991: $? = 0
configure:19991: result: yes
configure:19991: checking execinfo.h presence
configure:19991: clang -E  conftest.c
configure:19991: $? = 0
configure:19991: result: yes
configure:19991: checking for execinfo.h
configure:19991: result: yes
configure:20002: checking whether _NL_MEASUREMENT_MEASUREMENT is declared
configure:20002: clang -c -fsanitize=address -O1 -fno-omit-frame-pointer -g  conftest.c >&5
configure:20002: $? = 0
configure:20002: result: yes
configure:20025: checking for POPPLER
configure:20032: $PKG_CONFIG --exists --print-errors "poppler-glib >= $POPPLER_REQUIRED libxml-2.0 >= $LIBXML_REQUIRED"
configure:20035: $? = 0
configure:20049: $PKG_CONFIG --exists --print-errors "poppler-glib >= $POPPLER_REQUIRED libxml-2.0 >= $LIBXML_REQUIRED"
configure:20052: $? = 0
configure:20090: result: yes
configure:20098: checking for CAIRO_PDF
configure:20105: $PKG_CONFIG --exists --print-errors "cairo-pdf"
configure:20108: $? = 0
configure:20122: $PKG_CONFIG --exists --print-errors "cairo-pdf"
configure:20125: $? = 0
configure:20163: result: yes
configure:20175: checking for CAIRO_PS
configure:20182: $PKG_CONFIG --exists --print-errors "cairo-ps"
configure:20185: $? = 0
configure:20199: $PKG_CONFIG --exists --print-errors "cairo-ps"
configure:20202: $? = 0
configure:20240: result: yes
configure:20266: checking for SPECTRE
configure:20273: $PKG_CONFIG --exists --print-errors "libspectre >= $SPECTRE_REQUIRED"
configure:20276: $? = 0
configure:20290: $PKG_CONFIG --exists --print-errors "libspectre >= $SPECTRE_REQUIRED"
configure:20293: $? = 0
configure:20331: result: yes
configure:20388: checking tiff.h usability
configure:20388: clang -c -fsanitize=address -O1 -fno-omit-frame-pointer -g  conftest.c >&5
conftest.c:77:10: fatal error: 'tiff.h' file not found
#include <tiff.h>
         ^
1 error generated.
configure:20388: $? = 1
configure: failed program was:
| /* confdefs.h */
| #define PACKAGE_NAME "Evince"
| #define PACKAGE_TARNAME "evince"
| #define PACKAGE_VERSION "3.10.3"
| #define PACKAGE_STRING "Evince 3.10.3"
| #define PACKAGE_BUGREPORT "http://bugzilla.gnome.org/enter_bug.cgi?product=evince"
| #define PACKAGE_URL ""
| #define PACKAGE "evince"
| #define VERSION "3.10.3"
| #define STDC_HEADERS 1
| #define HAVE_SYS_TYPES_H 1
| #define HAVE_SYS_STAT_H 1
| #define HAVE_STDLIB_H 1
| #define HAVE_STRING_H 1
| #define HAVE_MEMORY_H 1
| #define HAVE_STRINGS_H 1
| #define HAVE_INTTYPES_H 1
| #define HAVE_STDINT_H 1
| #define HAVE_UNISTD_H 1
| #define HAVE_DLFCN_H 1
| #define LT_OBJDIR ".libs/"
| #define GETTEXT_PACKAGE "evince"
| #define HAVE_LOCALE_H 1
| #define HAVE_LC_MESSAGES 1
| #define HAVE_BIND_TEXTDOMAIN_CODESET 1
| #define HAVE_GETTEXT 1
| #define HAVE_DCGETTEXT 1
| #define ENABLE_NLS 1
| #define GDK_VERSION_MIN_REQUIRED GDK_VERSION_3_8
| #define HAVE_ZLIB_H 1
| #define WITH_SMCLIENT 1
| #define HAVE_CAIRO_FORMAT_STRIDE_FOR_WIDTH 1
| #define GTKUNIXPRINT_ENABLED 1
| #define WITH_KEYRING 1
| #define ENABLE_DBUS 1
| #define HAVE_DESKTOP_SCHEMAS 1
| #define HAVE_EXECINFO_H 1
| #define HAVE__NL_MEASUREMENT_MEASUREMENT 1
| #define HAVE_CAIRO_PDF 1
| #define HAVE_CAIRO_PS 1
| #define HAVE_SPECTRE 1
| #define ENABLE_PS 1
| /* end confdefs.h.  */
| #include <stdio.h>
| #ifdef HAVE_SYS_TYPES_H
| # include <sys/types.h>
| #endif
| #ifdef HAVE_SYS_STAT_H
| # include <sys/stat.h>
| #endif
| #ifdef STDC_HEADERS
| # include <stdlib.h>
| # include <stddef.h>
| #else
| # ifdef HAVE_STDLIB_H
| #  include <stdlib.h>
| # endif
| #endif
| #ifdef HAVE_STRING_H
| # if !defined STDC_HEADERS && defined HAVE_MEMORY_H
| #  include <memory.h>
| # endif
| # include <string.h>
| #endif
| #ifdef HAVE_STRINGS_H
| # include <strings.h>
| #endif
| #ifdef HAVE_INTTYPES_H
| # include <inttypes.h>
| #endif
| #ifdef HAVE_STDINT_H
| # include <stdint.h>
| #endif
| #ifdef HAVE_UNISTD_H
| # include <unistd.h>
| #endif
| #include <tiff.h>
configure:20388: result: no
configure:20388: checking tiff.h presence
configure:20388: clang -E  conftest.c
conftest.c:44:10: fatal error: 'tiff.h' file not found
#include <tiff.h>
         ^
1 error generated.
configure:20388: $? = 1
configure: failed program was:
| /* confdefs.h */
| #define PACKAGE_NAME "Evince"
| #define PACKAGE_TARNAME "evince"
| #define PACKAGE_VERSION "3.10.3"
| #define PACKAGE_STRING "Evince 3.10.3"
| #define PACKAGE_BUGREPORT "http://bugzilla.gnome.org/enter_bug.cgi?product=evince"
| #define PACKAGE_URL ""
| #define PACKAGE "evince"
| #define VERSION "3.10.3"
| #define STDC_HEADERS 1
| #define HAVE_SYS_TYPES_H 1
| #define HAVE_SYS_STAT_H 1
| #define HAVE_STDLIB_H 1
| #define HAVE_STRING_H 1
| #define HAVE_MEMORY_H 1
| #define HAVE_STRINGS_H 1
| #define HAVE_INTTYPES_H 1
| #define HAVE_STDINT_H 1
| #define HAVE_UNISTD_H 1
| #define HAVE_DLFCN_H 1
| #define LT_OBJDIR ".libs/"
| #define GETTEXT_PACKAGE "evince"
| #define HAVE_LOCALE_H 1
| #define HAVE_LC_MESSAGES 1
| #define HAVE_BIND_TEXTDOMAIN_CODESET 1
| #define HAVE_GETTEXT 1
| #define HAVE_DCGETTEXT 1
| #define ENABLE_NLS 1
| #define GDK_VERSION_MIN_REQUIRED GDK_VERSION_3_8
| #define HAVE_ZLIB_H 1
| #define WITH_SMCLIENT 1
| #define HAVE_CAIRO_FORMAT_STRIDE_FOR_WIDTH 1
| #define GTKUNIXPRINT_ENABLED 1
| #define WITH_KEYRING 1
| #define ENABLE_DBUS 1
| #define HAVE_DESKTOP_SCHEMAS 1
| #define HAVE_EXECINFO_H 1
| #define HAVE__NL_MEASUREMENT_MEASUREMENT 1
| #define HAVE_CAIRO_PDF 1
| #define HAVE_CAIRO_PS 1
| #define HAVE_SPECTRE 1
| #define ENABLE_PS 1
| /* end confdefs.h.  */
| #include <tiff.h>
configure:20388: result: no
configure:20388: checking for tiff.h
configure:20388: result: no
configure:20491: WARNING: "Tiff support is disabled since tiff library version 3.6 or newer not found"
configure:20518: checking for DJVU
configure:20525: $PKG_CONFIG --exists --print-errors "ddjvuapi >= $DJVULIBRE_REQUIRED"
configure:20528: $? = 0
configure:20542: $PKG_CONFIG --exists --print-errors "ddjvuapi >= $DJVULIBRE_REQUIRED"
configure:20545: $? = 0
configure:20583: result: yes
configure:20634: checking for an ANSI C-conforming const
configure:20700: clang -c -fsanitize=address -O1 -fno-omit-frame-pointer -g  conftest.c >&5
configure:20700: $? = 0
configure:20707: result: yes
configure:20715: checking for inline
configure:20731: clang -c -fsanitize=address -O1 -fno-omit-frame-pointer -g  conftest.c >&5
configure:20731: $? = 0
configure:20739: result: inline
configure:20757: checking for size_t
configure:20757: clang -c -fsanitize=address -O1 -fno-omit-frame-pointer -g  conftest.c >&5
configure:20757: $? = 0
configure:20757: clang -c -fsanitize=address -O1 -fno-omit-frame-pointer -g  conftest.c >&5
conftest.c:81:21: error: expected expression
if (sizeof ((size_t)))
                    ^
1 error generated.
configure:20757: $? = 1
configure: failed program was:
| /* confdefs.h */
| #define PACKAGE_NAME "Evince"
| #define PACKAGE_TARNAME "evince"
| #define PACKAGE_VERSION "3.10.3"
| #define PACKAGE_STRING "Evince 3.10.3"
| #define PACKAGE_BUGREPORT "http://bugzilla.gnome.org/enter_bug.cgi?product=evince"
| #define PACKAGE_URL ""
| #define PACKAGE "evince"
| #define VERSION "3.10.3"
| #define STDC_HEADERS 1
| #define HAVE_SYS_TYPES_H 1
| #define HAVE_SYS_STAT_H 1
| #define HAVE_STDLIB_H 1
| #define HAVE_STRING_H 1
| #define HAVE_MEMORY_H 1
| #define HAVE_STRINGS_H 1
| #define HAVE_INTTYPES_H 1
| #define HAVE_STDINT_H 1
| #define HAVE_UNISTD_H 1
| #define HAVE_DLFCN_H 1
| #define LT_OBJDIR ".libs/"
| #define GETTEXT_PACKAGE "evince"
| #define HAVE_LOCALE_H 1
| #define HAVE_LC_MESSAGES 1
| #define HAVE_BIND_TEXTDOMAIN_CODESET 1
| #define HAVE_GETTEXT 1
| #define HAVE_DCGETTEXT 1
| #define ENABLE_NLS 1
| #define GDK_VERSION_MIN_REQUIRED GDK_VERSION_3_8
| #define HAVE_ZLIB_H 1
| #define WITH_SMCLIENT 1
| #define HAVE_CAIRO_FORMAT_STRIDE_FOR_WIDTH 1
| #define GTKUNIXPRINT_ENABLED 1
| #define WITH_KEYRING 1
| #define ENABLE_DBUS 1
| #define HAVE_DESKTOP_SCHEMAS 1
| #define HAVE_EXECINFO_H 1
| #define HAVE__NL_MEASUREMENT_MEASUREMENT 1
| #define HAVE_CAIRO_PDF 1
| #define HAVE_CAIRO_PS 1
| #define HAVE_SPECTRE 1
| #define ENABLE_PS 1
| #define ENABLE_DJVU 1
| /* end confdefs.h.  */
| #include <stdio.h>
| #ifdef HAVE_SYS_TYPES_H
| # include <sys/types.h>
| #endif
| #ifdef HAVE_SYS_STAT_H
| # include <sys/stat.h>
| #endif
| #ifdef STDC_HEADERS
| # include <stdlib.h>
| # include <stddef.h>
| #else
| # ifdef HAVE_STDLIB_H
| #  include <stdlib.h>
| # endif
| #endif
| #ifdef HAVE_STRING_H
| # if !defined STDC_HEADERS && defined HAVE_MEMORY_H
| #  include <memory.h>
| # endif
| # include <string.h>
| #endif
| #ifdef HAVE_STRINGS_H
| # include <strings.h>
| #endif
| #ifdef HAVE_INTTYPES_H
| # include <inttypes.h>
| #endif
| #ifdef HAVE_STDINT_H
| # include <stdint.h>
| #endif
| #ifdef HAVE_UNISTD_H
| # include <unistd.h>
| #endif
| int
| main ()
| {
| if (sizeof ((size_t)))
| 	    return 0;
|   ;
|   return 0;
| }
configure:20757: result: yes
configure:20772: checking size of long
configure:20777: clang -o conftest -fsanitize=address -O1 -fno-omit-frame-pointer -g   conftest.c  >&5
configure:20777: $? = 0
configure:20777: ./conftest
configure:20777: $? = 0
configure:20791: result: 8
configure:20805: checking size of int
configure:20810: clang -o conftest -fsanitize=address -O1 -fno-omit-frame-pointer -g   conftest.c  >&5
configure:20810: $? = 0
configure:20810: ./conftest
configure:20810: $? = 0
configure:20824: result: 4
configure:20838: checking size of short
configure:20843: clang -o conftest -fsanitize=address -O1 -fno-omit-frame-pointer -g   conftest.c  >&5
configure:20843: $? = 0
configure:20843: ./conftest
configure:20843: $? = 0
configure:20857: result: 2
configure:20871: checking size of long long
configure:20876: clang -o conftest -fsanitize=address -O1 -fno-omit-frame-pointer -g   conftest.c  >&5
configure:20876: $? = 0
configure:20876: ./conftest
configure:20876: $? = 0
configure:20890: result: 8
configure:20904: checking size of void *
configure:20909: clang -o conftest -fsanitize=address -O1 -fno-omit-frame-pointer -g   conftest.c  >&5
configure:20909: $? = 0
configure:20909: ./conftest
configure:20909: $? = 0
configure:20923: result: 8
configure:20933: checking for kpse_init_prog in -lkpathsea
configure:20958: clang -o conftest -fsanitize=address -O1 -fno-omit-frame-pointer -g   conftest.c -lkpathsea   >&5
/usr/bin/ld: cannot find -lkpathsea
clang: error: linker command failed with exit code 1 (use -v to see invocation)
configure:20958: $? = 1
configure: failed program was:
| /* confdefs.h */
| #define PACKAGE_NAME "Evince"
| #define PACKAGE_TARNAME "evince"
| #define PACKAGE_VERSION "3.10.3"
| #define PACKAGE_STRING "Evince 3.10.3"
| #define PACKAGE_BUGREPORT "http://bugzilla.gnome.org/enter_bug.cgi?product=evince"
| #define PACKAGE_URL ""
| #define PACKAGE "evince"
| #define VERSION "3.10.3"
| #define STDC_HEADERS 1
| #define HAVE_SYS_TYPES_H 1
| #define HAVE_SYS_STAT_H 1
| #define HAVE_STDLIB_H 1
| #define HAVE_STRING_H 1
| #define HAVE_MEMORY_H 1
| #define HAVE_STRINGS_H 1
| #define HAVE_INTTYPES_H 1
| #define HAVE_STDINT_H 1
| #define HAVE_UNISTD_H 1
| #define HAVE_DLFCN_H 1
| #define LT_OBJDIR ".libs/"
| #define GETTEXT_PACKAGE "evince"
| #define HAVE_LOCALE_H 1
| #define HAVE_LC_MESSAGES 1
| #define HAVE_BIND_TEXTDOMAIN_CODESET 1
| #define HAVE_GETTEXT 1
| #define HAVE_DCGETTEXT 1
| #define ENABLE_NLS 1
| #define GDK_VERSION_MIN_REQUIRED GDK_VERSION_3_8
| #define HAVE_ZLIB_H 1
| #define WITH_SMCLIENT 1
| #define HAVE_CAIRO_FORMAT_STRIDE_FOR_WIDTH 1
| #define GTKUNIXPRINT_ENABLED 1
| #define WITH_KEYRING 1
| #define ENABLE_DBUS 1
| #define HAVE_DESKTOP_SCHEMAS 1
| #define HAVE_EXECINFO_H 1
| #define HAVE__NL_MEASUREMENT_MEASUREMENT 1
| #define HAVE_CAIRO_PDF 1
| #define HAVE_CAIRO_PS 1
| #define HAVE_SPECTRE 1
| #define ENABLE_PS 1
| #define ENABLE_DJVU 1
| #define SIZEOF_LONG 8
| #define SIZEOF_INT 4
| #define SIZEOF_SHORT 2
| #define SIZEOF_LONG_LONG 8
| #define SIZEOF_VOID_P 8
| /* end confdefs.h.  */
| 
| /* Override any GCC internal prototype to avoid an error.
|    Use char because int might match the return type of a GCC
|    builtin and then its argument prototype would still apply.  */
| #ifdef __cplusplus
| extern "C"
| #endif
| char kpse_init_prog ();
| int
| main ()
| {
| return kpse_init_prog ();
|   ;
|   return 0;
| }
configure:20967: result: no
configure:20981: WARNING: "Dvi support is disabled since kpathsea library is not found. Check your TeX installation."
configure:21095: checking for GXPS
configure:21102: $PKG_CONFIG --exists --print-errors "libgxps >= $GXPS_REQUIRED"
Package libgxps was not found in the pkg-config search path.
Perhaps you should add the directory containing `libgxps.pc'
to the PKG_CONFIG_PATH environment variable
No package 'libgxps' found
configure:21105: $? = 1
configure:21119: $PKG_CONFIG --exists --print-errors "libgxps >= $GXPS_REQUIRED"
Package libgxps was not found in the pkg-config search path.
Perhaps you should add the directory containing `libgxps.pc'
to the PKG_CONFIG_PATH environment variable
No package 'libgxps' found
configure:21122: $? = 1
configure:21136: result: no
No package 'libgxps' found
configure:21171: WARNING: "XPS support is disabled since libgxps (version >= 0.2.1) is needed
configure:21240: checking whether gcc understands -Wall
configure:21253: clang -c -fsanitize=address -O1 -fno-omit-frame-pointer -g -Wall  conftest.c >&5
configure:21253: $? = 0
configure:21260: result: yes
configure:21240: checking whether gcc understands -Wstrict-prototypes
configure:21253: clang -c -fsanitize=address -O1 -fno-omit-frame-pointer -g -Wstrict-prototypes  conftest.c >&5
configure:21253: $? = 0
configure:21260: result: yes
configure:21240: checking whether gcc understands -Wnested-externs
configure:21253: clang -c -fsanitize=address -O1 -fno-omit-frame-pointer -g -Wnested-externs  conftest.c >&5
configure:21253: $? = 0
configure:21260: result: yes
configure:21270: checking what warning flags to pass to the C compiler
configure:21272: result:  -Wall -Wstrict-prototypes -Wnested-externs
configure:21283: checking what language compliance flags to pass to the C compiler
configure:21298: result: 
configure:21367: checking for localtime_r
configure:21367: clang -o conftest -fsanitize=address -O1 -fno-omit-frame-pointer -g   conftest.c  >&5
configure:21367: $? = 0
configure:21367: result: yes
configure:21390: checking for gtkdoc-check
configure:21420: result: no
configure:21427: checking for gtkdoc-check
configure:21460: result: no
configure:21469: checking for gtkdoc-rebase
configure:21502: result: no
configure:21513: checking for gtkdoc-mkpdf
configure:21546: result: no
configure:21657: checking whether to build gtk-doc documentation
configure:21659: result: no
configure:21894: checking that generated files are newer than configure
configure:21900: result: done
configure:22043: creating ./config.status

## ---------------------- ##
## Running config.status. ##
## ---------------------- ##

This file was extended by Evince config.status 3.10.3, which was
generated by GNU Autoconf 2.69.  Invocation command line was

  CONFIG_FILES    = 
  CONFIG_HEADERS  = 
  CONFIG_LINKS    = 
  CONFIG_COMMANDS = 
  $ ./config.status 

on ubuntu

config.status:1541: creating backend/Makefile
config.status:1541: creating backend/comics/Makefile
config.status:1541: creating backend/djvu/Makefile
config.status:1541: creating backend/dvi/Makefile
config.status:1541: creating backend/dvi/mdvi-lib/Makefile
config.status:1541: creating backend/pdf/Makefile
config.status:1541: creating backend/ps/Makefile
config.status:1541: creating backend/tiff/Makefile
config.status:1541: creating backend/xps/Makefile
config.status:1541: creating cut-n-paste/Makefile
config.status:1541: creating cut-n-paste/gimpcellrenderertoggle/Makefile
config.status:1541: creating cut-n-paste/smclient/Makefile
config.status:1541: creating cut-n-paste/synctex/Makefile
config.status:1541: creating data/evince.desktop.in
config.status:1541: creating data/evince-previewer.desktop.in
config.status:1541: creating data/Makefile
config.status:1541: creating data/icons/Makefile
config.status:1541: creating data/icons/16x16/Makefile
config.status:1541: creating data/icons/16x16/apps/Makefile
config.status:1541: creating data/icons/16x16/actions/Makefile
config.status:1541: creating data/icons/16x16/mimetypes/Makefile
config.status:1541: creating data/icons/22x22/Makefile
config.status:1541: creating data/icons/22x22/apps/Makefile
config.status:1541: creating data/icons/22x22/actions/Makefile
config.status:1541: creating data/icons/22x22/mimetypes/Makefile
config.status:1541: creating data/icons/24x24/Makefile
config.status:1541: creating data/icons/24x24/apps/Makefile
config.status:1541: creating data/icons/24x24/actions/Makefile
config.status:1541: creating data/icons/24x24/mimetypes/Makefile
config.status:1541: creating data/icons/32x32/Makefile
config.status:1541: creating data/icons/32x32/actions/Makefile
config.status:1541: creating data/icons/32x32/mimetypes/Makefile
config.status:1541: creating data/icons/48x48/Makefile
config.status:1541: creating data/icons/48x48/apps/Makefile
config.status:1541: creating data/icons/48x48/actions/Makefile
config.status:1541: creating data/icons/256x256/Makefile
config.status:1541: creating data/icons/256x256/apps/Makefile
config.status:1541: creating data/icons/scalable/Makefile
config.status:1541: creating data/icons/scalable/actions/Makefile
config.status:1541: creating data/icons/scalable/mimetypes/Makefile
config.status:1541: creating help/Makefile
config.status:1541: creating help/reference/Makefile
config.status:1541: creating help/reference/libdocument/Makefile
config.status:1541: creating help/reference/libdocument/version.xml
config.status:1541: creating help/reference/libview/Makefile
config.status:1541: creating help/reference/libview/version.xml
config.status:1541: creating help/reference/shell/Makefile
config.status:1541: creating help/reference/shell/version.xml
config.status:1541: creating libdocument/Makefile
config.status:1541: creating libdocument/ev-version.h
config.status:1541: creating libmisc/Makefile
config.status:1541: creating libview/Makefile
config.status:1541: creating Makefile
config.status:1541: creating po/Makefile.in
config.status:1541: creating previewer/Makefile
config.status:1541: creating properties/Makefile
config.status:1541: creating shell/Makefile
config.status:1541: creating test/Makefile
config.status:1541: creating thumbnailer/Makefile
config.status:1541: creating evince-document-3.0.pc
config.status:1541: creating evince-view-3.0.pc
config.status:1541: creating config.h
config.status:1770: executing depfiles commands
config.status:1770: executing libtool commands
config.status:1770: executing default-1 commands
config.status:1770: executing po/stamp-it commands
configure:24658:

Evince configure summary
========================

Platform .................:  gnome
Debug mode ...............:  no
Tests ....................:  yes


FRONTENDS

Viewer ...................:  yes
Previewer ................:  yes
Thumbnailer ..............:  yes
Nautilus Extensions.......:  no


BACKENDS

PDF ......................:  yes
PostScript ...............:  yes
TIFF .....................:  no
DJVU .....................:  yes
DVI ......................:  no
Comics ...................:  yes
XPS ......................:  no


FEATURES

GTK Doc reference ........:  no
GObject Introspection ....:  no
DBUS communication .......:  yes
Keyring integration ......:  yes
Session Manager client ...:  xsmp
GTK+ Unix Print ..........:  yes
Libgrip gestures..........:  no



## ---------------- ##
## Cache variables. ##
## ---------------- ##

ac_cv_build=x86_64-unknown-linux-gnu
ac_cv_c_compiler_gnu=yes
ac_cv_c_const=yes
ac_cv_c_inline=inline
ac_cv_cxx_compiler_gnu=yes
ac_cv_env_BACKEND_CFLAGS_set=
ac_cv_env_BACKEND_CFLAGS_value=
ac_cv_env_BACKEND_LIBS_set=
ac_cv_env_BACKEND_LIBS_value=
ac_cv_env_CAIRO_PDF_CFLAGS_set=
ac_cv_env_CAIRO_PDF_CFLAGS_value=
ac_cv_env_CAIRO_PDF_LIBS_set=
ac_cv_env_CAIRO_PDF_LIBS_value=
ac_cv_env_CAIRO_PS_CFLAGS_set=
ac_cv_env_CAIRO_PS_CFLAGS_value=
ac_cv_env_CAIRO_PS_LIBS_set=
ac_cv_env_CAIRO_PS_LIBS_value=
ac_cv_env_CCC_set=
ac_cv_env_CCC_value=
ac_cv_env_CC_set=set
ac_cv_env_CC_value=clang
ac_cv_env_CFLAGS_set=set
ac_cv_env_CFLAGS_value='-fsanitize=address -O1 -fno-omit-frame-pointer -g'
ac_cv_env_CPPFLAGS_set=
ac_cv_env_CPPFLAGS_value=
ac_cv_env_CPP_set=
ac_cv_env_CPP_value=
ac_cv_env_CXXCPP_set=
ac_cv_env_CXXCPP_value=
ac_cv_env_CXXFLAGS_set=
ac_cv_env_CXXFLAGS_value=
ac_cv_env_CXX_set=
ac_cv_env_CXX_value=
ac_cv_env_DESKTOP_SCHEMAS_CFLAGS_set=
ac_cv_env_DESKTOP_SCHEMAS_CFLAGS_value=
ac_cv_env_DESKTOP_SCHEMAS_LIBS_set=
ac_cv_env_DESKTOP_SCHEMAS_LIBS_value=
ac_cv_env_DJVU_CFLAGS_set=
ac_cv_env_DJVU_CFLAGS_value=
ac_cv_env_DJVU_LIBS_set=
ac_cv_env_DJVU_LIBS_value=
ac_cv_env_EV_DAEMON_CFLAGS_set=
ac_cv_env_EV_DAEMON_CFLAGS_value=
ac_cv_env_EV_DAEMON_LIBS_set=
ac_cv_env_EV_DAEMON_LIBS_value=
ac_cv_env_FRONTEND_CORE_CFLAGS_set=
ac_cv_env_FRONTEND_CORE_CFLAGS_value=
ac_cv_env_FRONTEND_CORE_LIBS_set=
ac_cv_env_FRONTEND_CORE_LIBS_value=
ac_cv_env_GDBUS_CODEGEN_set=
ac_cv_env_GDBUS_CODEGEN_value=
ac_cv_env_GLIB_COMPILE_RESOURCES_set=
ac_cv_env_GLIB_COMPILE_RESOURCES_value=
ac_cv_env_GLIB_GENMARSHAL_set=
ac_cv_env_GLIB_GENMARSHAL_value=
ac_cv_env_GLIB_MKENUMS_set=
ac_cv_env_GLIB_MKENUMS_value=
ac_cv_env_GTKDOC_DEPS_CFLAGS_set=
ac_cv_env_GTKDOC_DEPS_CFLAGS_value=
ac_cv_env_GTKDOC_DEPS_LIBS_set=
ac_cv_env_GTKDOC_DEPS_LIBS_value=
ac_cv_env_GTKUNIXPRINT_CFLAGS_set=
ac_cv_env_GTKUNIXPRINT_CFLAGS_value=
ac_cv_env_GTKUNIXPRINT_LIBS_set=
ac_cv_env_GTKUNIXPRINT_LIBS_value=
ac_cv_env_GXPS_CFLAGS_set=
ac_cv_env_GXPS_CFLAGS_value=
ac_cv_env_GXPS_LIBS_set=
ac_cv_env_GXPS_LIBS_value=
ac_cv_env_LDFLAGS_set=
ac_cv_env_LDFLAGS_value=
ac_cv_env_LIBDOCUMENT_CFLAGS_set=
ac_cv_env_LIBDOCUMENT_CFLAGS_value=
ac_cv_env_LIBDOCUMENT_LIBS_set=
ac_cv_env_LIBDOCUMENT_LIBS_value=
ac_cv_env_LIBGRIP_CFLAGS_set=
ac_cv_env_LIBGRIP_CFLAGS_value=
ac_cv_env_LIBGRIP_LIBS_set=
ac_cv_env_LIBGRIP_LIBS_value=
ac_cv_env_LIBSECRET_CFLAGS_set=
ac_cv_env_LIBSECRET_CFLAGS_value=
ac_cv_env_LIBSECRET_LIBS_set=
ac_cv_env_LIBSECRET_LIBS_value=
ac_cv_env_LIBS_set=
ac_cv_env_LIBS_value=
ac_cv_env_LIBVIEW_CFLAGS_set=
ac_cv_env_LIBVIEW_CFLAGS_value=
ac_cv_env_LIBVIEW_LIBS_set=
ac_cv_env_LIBVIEW_LIBS_value=
ac_cv_env_NAUTILUS_CFLAGS_set=
ac_cv_env_NAUTILUS_CFLAGS_value=
ac_cv_env_NAUTILUS_LIBS_set=
ac_cv_env_NAUTILUS_LIBS_value=
ac_cv_env_PKG_CONFIG_LIBDIR_set=
ac_cv_env_PKG_CONFIG_LIBDIR_value=
ac_cv_env_PKG_CONFIG_PATH_set=
ac_cv_env_PKG_CONFIG_PATH_value=
ac_cv_env_PKG_CONFIG_set=
ac_cv_env_PKG_CONFIG_value=
ac_cv_env_POPPLER_CFLAGS_set=
ac_cv_env_POPPLER_CFLAGS_value=
ac_cv_env_POPPLER_LIBS_set=
ac_cv_env_POPPLER_LIBS_value=
ac_cv_env_PREVIEWER_CFLAGS_set=
ac_cv_env_PREVIEWER_CFLAGS_value=
ac_cv_env_PREVIEWER_LIBS_set=
ac_cv_env_PREVIEWER_LIBS_value=
ac_cv_env_SHELL_CORE_CFLAGS_set=
ac_cv_env_SHELL_CORE_CFLAGS_value=
ac_cv_env_SHELL_CORE_LIBS_set=
ac_cv_env_SHELL_CORE_LIBS_value=
ac_cv_env_SMCLIENT_CFLAGS_set=
ac_cv_env_SMCLIENT_CFLAGS_value=
ac_cv_env_SMCLIENT_LIBS_set=
ac_cv_env_SMCLIENT_LIBS_value=
ac_cv_env_SPECTRE_CFLAGS_set=
ac_cv_env_SPECTRE_CFLAGS_value=
ac_cv_env_SPECTRE_LIBS_set=
ac_cv_env_SPECTRE_LIBS_value=
ac_cv_env_XMLLINT_set=
ac_cv_env_XMLLINT_value=
ac_cv_env_build_alias_set=
ac_cv_env_build_alias_value=
ac_cv_env_host_alias_set=
ac_cv_env_host_alias_value=
ac_cv_env_target_alias_set=
ac_cv_env_target_alias_value=
ac_cv_func_bind_textdomain_codeset=yes
ac_cv_func_cairo_format_stride_for_width=yes
ac_cv_func_dcgettext=yes
ac_cv_func_localtime_r=yes
ac_cv_have_decl__NL_MEASUREMENT_MEASUREMENT=yes
ac_cv_header_dlfcn_h=yes
ac_cv_header_execinfo_h=yes
ac_cv_header_inttypes_h=yes
ac_cv_header_libintl_h=yes
ac_cv_header_locale_h=yes
ac_cv_header_memory_h=yes
ac_cv_header_stdc=yes
ac_cv_header_stdint_h=yes
ac_cv_header_stdlib_h=yes
ac_cv_header_string_h=yes
ac_cv_header_strings_h=yes
ac_cv_header_sys_stat_h=yes
ac_cv_header_sys_types_h=yes
ac_cv_header_tiff_h=no
ac_cv_header_unistd_h=yes
ac_cv_header_zlib_h=yes
ac_cv_host=x86_64-unknown-linux-gnu
ac_cv_lib_kpathsea_kpse_init_prog=no
ac_cv_lib_m_cos=yes
ac_cv_lib_z_crc32=yes
ac_cv_lib_z_inflate=yes
ac_cv_objext=o
ac_cv_path_EGREP='/bin/grep -E'
ac_cv_path_FGREP='/bin/grep -F'
ac_cv_path_GDBUS_CODEGEN=/usr/bin/gdbus-codegen
ac_cv_path_GLIB_COMPILE_RESOURCES=/usr/bin/glib-compile-resources
ac_cv_path_GLIB_GENMARSHAL=/usr/bin/glib-genmarshal
ac_cv_path_GLIB_MKENUMS=/usr/bin/glib-mkenums
ac_cv_path_GMSGFMT=/usr/bin/msgfmt
ac_cv_path_GREP=/bin/grep
ac_cv_path_INTLTOOL_EXTRACT=/usr/bin/intltool-extract
ac_cv_path_INTLTOOL_MERGE=/usr/bin/intltool-merge
ac_cv_path_INTLTOOL_PERL=/usr/bin/perl
ac_cv_path_INTLTOOL_UPDATE=/usr/bin/intltool-update
ac_cv_path_MSGFMT=/usr/bin/msgfmt
ac_cv_path_MSGMERGE=/usr/bin/msgmerge
ac_cv_path_SED=/bin/sed
ac_cv_path_XGETTEXT=/usr/bin/xgettext
ac_cv_path_XMLLINT=/usr/bin/xmllint
ac_cv_path_ac_pt_PKG_CONFIG=/usr/bin/pkg-config
ac_cv_path_install='/usr/bin/install -c'
ac_cv_path_mkdir=/bin/mkdir
ac_cv_prog_AWK=mawk
ac_cv_prog_CPP='clang -E'
ac_cv_prog_CXXCPP='g++ -E'
ac_cv_prog_ac_ct_AR=ar
ac_cv_prog_ac_ct_CC=clang
ac_cv_prog_ac_ct_CXX=g++
ac_cv_prog_ac_ct_MANIFEST_TOOL=mt
ac_cv_prog_ac_ct_OBJDUMP=objdump
ac_cv_prog_ac_ct_RANLIB=ranlib
ac_cv_prog_ac_ct_STRIP=strip
ac_cv_prog_cc_c89=
ac_cv_prog_cc_g=yes
ac_cv_prog_cxx_g=yes
ac_cv_prog_make_make_set=yes
ac_cv_sizeof_int=4
ac_cv_sizeof_long=8
ac_cv_sizeof_long_long=8
ac_cv_sizeof_short=2
ac_cv_sizeof_void_p=8
ac_cv_type_size_t=yes
am_cv_CC_dependencies_compiler_type=gcc3
am_cv_CXX_dependencies_compiler_type=gcc3
am_cv_make_support_nested_variables=yes
am_cv_prog_cc_c_o=yes
am_cv_prog_tar_ustar=gnutar
am_cv_val_LC_MESSAGES=yes
gt_cv_func_dgettext_libc=yes
gt_cv_func_dgettext_libintl=no
gt_cv_func_ngettext_libc=yes
gt_cv_have_gettext=yes
lt_cv_ar_at_file=@
lt_cv_archive_cmds_need_lc=no
lt_cv_deplibs_check_method=pass_all
lt_cv_file_magic_cmd='$MAGIC_CMD'
lt_cv_file_magic_test_file=
lt_cv_ld_reload_flag=-r
lt_cv_nm_interface='BSD nm'
lt_cv_objdir=.libs
lt_cv_path_LD=/usr/bin/ld
lt_cv_path_LDCXX='/usr/bin/ld -m elf_x86_64'
lt_cv_path_NM='/usr/bin/nm -B'
lt_cv_path_mainfest_tool=no
lt_cv_prog_compiler_c_o=yes
lt_cv_prog_compiler_c_o_CXX=yes
lt_cv_prog_compiler_pic='-fPIC -DPIC'
lt_cv_prog_compiler_pic_CXX='-fPIC -DPIC'
lt_cv_prog_compiler_pic_works=yes
lt_cv_prog_compiler_pic_works_CXX=yes
lt_cv_prog_compiler_rtti_exceptions=yes
lt_cv_prog_compiler_static_works=no
lt_cv_prog_compiler_static_works_CXX=yes
lt_cv_prog_gnu_ld=yes
lt_cv_prog_gnu_ldcxx=yes
lt_cv_sharedlib_from_linklib_cmd='printf %s\n'
lt_cv_shlibpath_overrides_runpath=no
lt_cv_sys_global_symbol_pipe='sed -n -e '\''s/^.*[	 ]\([ABCDGIRSTW][ABCDGIRSTW]*\)[	 ][	 ]*\([_A-Za-z][_A-Za-z0-9]*\)$/\1 \2 \2/p'\'' | sed '\''/ __gnu_lto/d'\'''
lt_cv_sys_global_symbol_to_c_name_address='sed -n -e '\''s/^: \([^ ]*\)[ ]*$/  {\"\1\", (void *) 0},/p'\'' -e '\''s/^[ABCDGIRSTW]* \([^ ]*\) \([^ ]*\)$/  {"\2", (void *) \&\2},/p'\'''
lt_cv_sys_global_symbol_to_c_name_address_lib_prefix='sed -n -e '\''s/^: \([^ ]*\)[ ]*$/  {\"\1\", (void *) 0},/p'\'' -e '\''s/^[ABCDGIRSTW]* \([^ ]*\) \(lib[^ ]*\)$/  {"\2", (void *) \&\2},/p'\'' -e '\''s/^[ABCDGIRSTW]* \([^ ]*\) \([^ ]*\)$/  {"lib\2", (void *) \&\2},/p'\'''
lt_cv_sys_global_symbol_to_cdecl='sed -n -e '\''s/^T .* \(.*\)$/extern int \1();/p'\'' -e '\''s/^[ABCDGIRSTW]* .* \(.*\)$/extern char \1;/p'\'''
lt_cv_sys_max_cmd_len=1572864
lt_cv_to_host_file_cmd=func_convert_file_noop
lt_cv_to_tool_file_cmd=func_convert_file_noop
pkg_cv_BACKEND_CFLAGS='-pthread -I/usr/include/cairo -I/usr/include/glib-2.0 -I/usr/lib/x86_64-linux-gnu/glib-2.0/include -I/usr/include/pixman-1 -I/usr/include/freetype2 -I/usr/include/libpng12 -I/usr/include/gtk-3.0 -I/usr/include/atk-1.0 -I/usr/include/at-spi2-atk/2.0 -I/usr/include/pango-1.0 -I/usr/include/gio-unix-2.0/ -I/usr/include/gdk-pixbuf-2.0 -I/usr/include/harfbuzz  '
pkg_cv_BACKEND_LIBS='-lgtk-3 -lgdk-3 -latk-1.0 -lgio-2.0 -lpangocairo-1.0 -lgdk_pixbuf-2.0 -lcairo-gobject -lpango-1.0 -lcairo -lgobject-2.0 -lglib-2.0  '
pkg_cv_CAIRO_PDF_CFLAGS='-I/usr/include/cairo -I/usr/include/glib-2.0 -I/usr/lib/x86_64-linux-gnu/glib-2.0/include -I/usr/include/pixman-1 -I/usr/include/freetype2 -I/usr/include/libpng12  '
pkg_cv_CAIRO_PDF_LIBS='-lz -lcairo  '
pkg_cv_CAIRO_PS_CFLAGS='-I/usr/include/cairo -I/usr/include/glib-2.0 -I/usr/lib/x86_64-linux-gnu/glib-2.0/include -I/usr/include/pixman-1 -I/usr/include/freetype2 -I/usr/include/libpng12  '
pkg_cv_CAIRO_PS_LIBS='-lz -lcairo  '
pkg_cv_DESKTOP_SCHEMAS_CFLAGS='-I/usr/include/gsettings-desktop-schemas  '
pkg_cv_DESKTOP_SCHEMAS_LIBS=' '
pkg_cv_DJVU_CFLAGS='-pthread  '
pkg_cv_DJVU_LIBS='-ldjvulibre  '
pkg_cv_EV_DAEMON_CFLAGS='-pthread -I/usr/include/glib-2.0 -I/usr/lib/x86_64-linux-gnu/glib-2.0/include -I/usr/include/gio-unix-2.0/  '
pkg_cv_EV_DAEMON_LIBS='-lgio-2.0 -lgobject-2.0 -lglib-2.0  '
pkg_cv_FRONTEND_CORE_CFLAGS='-pthread -I/usr/include/gtk-3.0 -I/usr/include/atk-1.0 -I/usr/include/at-spi2-atk/2.0 -I/usr/include/pango-1.0 -I/usr/include/gio-unix-2.0/ -I/usr/include/cairo -I/usr/include/gdk-pixbuf-2.0 -I/usr/include/glib-2.0 -I/usr/lib/x86_64-linux-gnu/glib-2.0/include -I/usr/include/harfbuzz -I/usr/include/freetype2 -I/usr/include/pixman-1 -I/usr/include/libpng12  '
pkg_cv_FRONTEND_CORE_LIBS='-pthread -lgtk-3 -lgdk-3 -latk-1.0 -lpangocairo-1.0 -lgdk_pixbuf-2.0 -lcairo-gobject -lpango-1.0 -lcairo -lgthread-2.0 -lgio-2.0 -lgobject-2.0 -lgmodule-2.0 -lglib-2.0  '
pkg_cv_GTKUNIXPRINT_CFLAGS='-pthread -I/usr/include/gtk-3.0/unix-print -I/usr/include/gtk-3.0 -I/usr/include/atk-1.0 -I/usr/include/cairo -I/usr/include/gdk-pixbuf-2.0 -I/usr/include/at-spi2-atk/2.0 -I/usr/include/pango-1.0 -I/usr/include/gio-unix-2.0/ -I/usr/include/glib-2.0 -I/usr/lib/x86_64-linux-gnu/glib-2.0/include -I/usr/include/harfbuzz -I/usr/include/freetype2 -I/usr/include/pixman-1 -I/usr/include/libpng12  '
pkg_cv_GTKUNIXPRINT_LIBS='-lgtk-3 -lgdk-3 -latk-1.0 -lgio-2.0 -lpangocairo-1.0 -lgdk_pixbuf-2.0 -lcairo-gobject -lpango-1.0 -lcairo -lgobject-2.0 -lglib-2.0  '
pkg_cv_LIBDOCUMENT_CFLAGS='-pthread -I/usr/include/gtk-3.0 -I/usr/include/atk-1.0 -I/usr/include/at-spi2-atk/2.0 -I/usr/include/pango-1.0 -I/usr/include/gio-unix-2.0/ -I/usr/include/cairo -I/usr/include/gdk-pixbuf-2.0 -I/usr/include/glib-2.0 -I/usr/lib/x86_64-linux-gnu/glib-2.0/include -I/usr/include/harfbuzz -I/usr/include/freetype2 -I/usr/include/pixman-1 -I/usr/include/libpng12  '
pkg_cv_LIBDOCUMENT_LIBS='-pthread -Wl,--export-dynamic -lgtk-3 -lgdk-3 -latk-1.0 -lpangocairo-1.0 -lgdk_pixbuf-2.0 -lcairo-gobject -lpango-1.0 -lcairo -lgio-2.0 -lgobject-2.0 -lgmodule-2.0 -lglib-2.0  '
pkg_cv_LIBSECRET_CFLAGS='-pthread -I/usr/include/libsecret-1 -I/usr/include/glib-2.0 -I/usr/lib/x86_64-linux-gnu/glib-2.0/include  '
pkg_cv_LIBSECRET_LIBS='-lsecret-1 -lgio-2.0 -lgobject-2.0 -lglib-2.0  '
pkg_cv_LIBVIEW_CFLAGS='-pthread -I/usr/include/gtk-3.0 -I/usr/include/atk-1.0 -I/usr/include/at-spi2-atk/2.0 -I/usr/include/pango-1.0 -I/usr/include/gio-unix-2.0/ -I/usr/include/cairo -I/usr/include/gdk-pixbuf-2.0 -I/usr/include/glib-2.0 -I/usr/lib/x86_64-linux-gnu/glib-2.0/include -I/usr/include/harfbuzz -I/usr/include/freetype2 -I/usr/include/pixman-1 -I/usr/include/libpng12 -I/usr/include/gail-3.0  '
pkg_cv_LIBVIEW_LIBS='-pthread -lgailutil-3 -lgtk-3 -lgdk-3 -latk-1.0 -lpangocairo-1.0 -lgdk_pixbuf-2.0 -lcairo-gobject -lpango-1.0 -lcairo -lgthread-2.0 -lgio-2.0 -lgobject-2.0 -lglib-2.0  '
pkg_cv_POPPLER_CFLAGS='-pthread -I/usr/include/poppler/glib -I/usr/include/poppler -I/usr/include/glib-2.0 -I/usr/lib/x86_64-linux-gnu/glib-2.0/include -I/usr/include/cairo -I/usr/include/pixman-1 -I/usr/include/freetype2 -I/usr/include/libpng12 -I/usr/include/libxml2  '
pkg_cv_POPPLER_LIBS='-lpoppler-glib -lgio-2.0 -lcairo -lgobject-2.0 -lglib-2.0 -lxml2  '
pkg_cv_PREVIEWER_CFLAGS='-pthread -I/usr/include/gtk-3.0 -I/usr/include/atk-1.0 -I/usr/include/at-spi2-atk/2.0 -I/usr/include/pango-1.0 -I/usr/include/gio-unix-2.0/ -I/usr/include/cairo -I/usr/include/gdk-pixbuf-2.0 -I/usr/include/glib-2.0 -I/usr/lib/x86_64-linux-gnu/glib-2.0/include -I/usr/include/harfbuzz -I/usr/include/freetype2 -I/usr/include/pixman-1 -I/usr/include/libpng12  '
pkg_cv_PREVIEWER_LIBS='-pthread -lgtk-3 -lgdk-3 -latk-1.0 -lpangocairo-1.0 -lgdk_pixbuf-2.0 -lcairo-gobject -lpango-1.0 -lcairo -lgthread-2.0 -lgio-2.0 -lgobject-2.0 -lgmodule-2.0 -lglib-2.0  '
pkg_cv_SHELL_CORE_CFLAGS='-pthread -I/usr/include/libxml2 -I/usr/include/gtk-3.0 -I/usr/include/atk-1.0 -I/usr/include/at-spi2-atk/2.0 -I/usr/include/pango-1.0 -I/usr/include/gio-unix-2.0/ -I/usr/include/cairo -I/usr/include/gdk-pixbuf-2.0 -I/usr/include/glib-2.0 -I/usr/lib/x86_64-linux-gnu/glib-2.0/include -I/usr/include/harfbuzz -I/usr/include/freetype2 -I/usr/include/pixman-1 -I/usr/include/libpng12  '
pkg_cv_SHELL_CORE_LIBS='-pthread -lxml2 -lgtk-3 -lgdk-3 -latk-1.0 -lpangocairo-1.0 -lgdk_pixbuf-2.0 -lcairo-gobject -lpango-1.0 -lcairo -lgio-2.0 -lgobject-2.0 -lgmodule-2.0 -lgthread-2.0 -lglib-2.0  '
pkg_cv_SMCLIENT_CFLAGS='-pthread -I/usr/include/gtk-3.0 -I/usr/include/atk-1.0 -I/usr/include/at-spi2-atk/2.0 -I/usr/include/pango-1.0 -I/usr/include/gio-unix-2.0/ -I/usr/include/cairo -I/usr/include/gdk-pixbuf-2.0 -I/usr/include/glib-2.0 -I/usr/lib/x86_64-linux-gnu/glib-2.0/include -I/usr/include/harfbuzz -I/usr/include/freetype2 -I/usr/include/pixman-1 -I/usr/include/libpng12  '
pkg_cv_SMCLIENT_LIBS='-pthread -lgtk-3 -lgdk-3 -latk-1.0 -lgio-2.0 -lpangocairo-1.0 -lgdk_pixbuf-2.0 -lcairo-gobject -lpango-1.0 -lcairo -lgobject-2.0 -lgthread-2.0 -lglib-2.0 -lSM -lICE -lX11  '
pkg_cv_SPECTRE_CFLAGS=' '
pkg_cv_SPECTRE_LIBS='-lspectre  '

## ----------------- ##
## Output variables. ##
## ----------------- ##










		$(INSTALL_DATA) $^ "$(DESTDIR)$(gsettingsschemadir)"; \
		test -n "$(GSETTINGS_DISABLE_SCHEMAS_COMPILE)$(DESTDIR)" || $(GLIB_COMPILE_SCHEMAS) $(gsettingsschemadir); \
		test -z "$(gsettingsschemadir)" || $(MKDIR_P) "$(DESTDIR)$(gsettingsschemadir)"; \
	$(AM_V_GEN) $(GLIB_COMPILE_SCHEMAS) --strict --dry-run $(addprefix --schema-file=,$(gsettings__enum_file)) --schema-file=$< && mkdir -p $(@D) && touch $@
	$(AM_V_GEN) glib-mkenums --comments '\''<!-- @comment@ -->'\'' --fhead "<schemalist>" --vhead "  <@type@ id='\''$(gsettings_ENUM_NAMESPACE).@EnumName@'\''>" --vprod "    <value nick='\''@valuenick@'\'' value='\''@valuenum@'\''/>" --vtail "  </@type@>" --ftail "</schemalist>" $^ > $@.tmp && mv $@.tmp $@
	@$(NORMAL_INSTALL)
	@$(NORMAL_UNINSTALL)
	@list='\''$(gsettings_SCHEMAS) $(gsettings__enum_file)'\''; test -n "$(gsettingsschemadir)" || list=; \
	cd "$(DESTDIR)$(gsettingsschemadir)" && rm -f $$files
	echo " ( cd '\''$(DESTDIR)$(gsettingsschemadir)'\'' && rm -f" $$files ")"; \
	fi
	files=`for p in $$list; do echo $$p; done | sed -e '\''s|^.*/||'\''`; \
	if test -n "$^"; then \
	rm -f $(gsettings_SCHEMAS:.xml=.valid) $(gsettings__enum_file)
	test -n "$$files" || exit 0; \
	test -n "$(GSETTINGS_DISABLE_SCHEMAS_COMPILE)$(DESTDIR)" || $(GLIB_COMPILE_SCHEMAS) $(gsettingsschemadir)
$(gsettings__enum_file): $(gsettings_ENUM_FILES)
%.gschema.valid: %.gschema.xml $(gsettings__enum_file)
.PHONY : uninstall-gsettings-schemas install-gsettings-schemas clean-gsettings-schemas
.SECONDARY: $(gsettings_SCHEMAS)
ACLOCAL='${SHELL} /home/breadchris/Documents/Break/evince-3.10.3/missing aclocal-1.14'
ALL_LINGUAS=''
AMDEPBACKSLASH='\'
AMDEP_FALSE='#'
AMDEP_TRUE=''
AMTAR='$${TAR-tar}'
AM_BACKSLASH='\'
AM_CFLAGS='  -Wall -Wstrict-prototypes -Wnested-externs '
AM_CPPFLAGS=''
AM_CXXFLAGS=' -g -O2 -Wall -Wno-unused '
AM_DEFAULT_V='$(AM_DEFAULT_VERBOSITY)'
AM_DEFAULT_VERBOSITY='0'
AM_LDFLAGS=''
AM_V='$(V)'
AR='ar'
AUTOCONF='${SHELL} /home/breadchris/Documents/Break/evince-3.10.3/missing autoconf'
AUTOHEADER='${SHELL} /home/breadchris/Documents/Break/evince-3.10.3/missing autoheader'
AUTOMAKE='${SHELL} /home/breadchris/Documents/Break/evince-3.10.3/missing automake-1.14'
AWK='mawk'
BACKEND_CFLAGS='-pthread -I/usr/include/cairo -I/usr/include/glib-2.0 -I/usr/lib/x86_64-linux-gnu/glib-2.0/include -I/usr/include/pixman-1 -I/usr/include/freetype2 -I/usr/include/libpng12 -I/usr/include/gtk-3.0 -I/usr/include/atk-1.0 -I/usr/include/at-spi2-atk/2.0 -I/usr/include/pango-1.0 -I/usr/include/gio-unix-2.0/ -I/usr/include/gdk-pixbuf-2.0 -I/usr/include/harfbuzz   -DGDK_MULTIHEAD_SAFE -DGTK_MULTIHEAD_SAFE '
BACKEND_LIBS='-lgtk-3 -lgdk-3 -latk-1.0 -lgio-2.0 -lpangocairo-1.0 -lgdk_pixbuf-2.0 -lcairo-gobject -lpango-1.0 -lcairo -lgobject-2.0 -lglib-2.0   -lm'
BACKEND_LIBTOOL_FLAGS='-module -avoid-version -no-undefined -export-symbols $(top_srcdir)/backend/backend.symbols'
CAIRO_PDF_CFLAGS='-I/usr/include/cairo -I/usr/include/glib-2.0 -I/usr/lib/x86_64-linux-gnu/glib-2.0/include -I/usr/include/pixman-1 -I/usr/include/freetype2 -I/usr/include/libpng12  '
CAIRO_PDF_LIBS='-lz -lcairo  '
CAIRO_PS_CFLAGS='-I/usr/include/cairo -I/usr/include/glib-2.0 -I/usr/lib/x86_64-linux-gnu/glib-2.0/include -I/usr/include/pixman-1 -I/usr/include/freetype2 -I/usr/include/libpng12  '
CAIRO_PS_LIBS='-lz -lcairo  '
CATALOGS=''
CATOBJEXT='.gmo'
CC='clang'
CCDEPMODE='depmode=gcc3'
CFLAGS='-fsanitize=address -O1 -fno-omit-frame-pointer -g'
CPP='clang -E'
CPPFLAGS=''
CXX='g++'
CXXCPP='g++ -E'
CXXDEPMODE='depmode=gcc3'
CXXFLAGS='-g -O2'
CYGPATH_W='echo'
DATADIRNAME='share'
DEFS='-DHAVE_CONFIG_H'
DEPDIR='.deps'
DESKTOP_SCHEMAS_CFLAGS='-I/usr/include/gsettings-desktop-schemas  '
DESKTOP_SCHEMAS_LIBS=' '
DJVU_CFLAGS='-pthread  '
DJVU_LIBS='-ldjvulibre  '
DLLTOOL='false'
DSYMUTIL=''
DUMPBIN=''
ECHO_C=''
ECHO_N='-n'
ECHO_T=''
EGREP='/bin/grep -E'
ENABLE_COMICS_FALSE='#'
ENABLE_COMICS_TRUE=''
ENABLE_DBUS_FALSE='#'
ENABLE_DBUS_TRUE=''
ENABLE_DJVU_FALSE='#'
ENABLE_DJVU_TRUE=''
ENABLE_DVI_FALSE=''
ENABLE_DVI_TRUE='#'
ENABLE_GTK_DOC_FALSE=''
ENABLE_GTK_DOC_TRUE='#'
ENABLE_NAUTILUS_FALSE=''
ENABLE_NAUTILUS_TRUE='#'
ENABLE_PDF_FALSE='#'
ENABLE_PDF_TRUE=''
ENABLE_PREVIEWER_FALSE='#'
ENABLE_PREVIEWER_TRUE=''
ENABLE_PS_FALSE='#'
ENABLE_PS_TRUE=''
ENABLE_TESTS_FALSE='#'
ENABLE_TESTS_TRUE=''
ENABLE_THUMBNAILER_FALSE='#'
ENABLE_THUMBNAILER_TRUE=''
ENABLE_TIFF_FALSE=''
ENABLE_TIFF_TRUE='#'
ENABLE_VIEWER_FALSE='#'
ENABLE_VIEWER_TRUE=''
ENABLE_XPS_FALSE=''
ENABLE_XPS_TRUE='#'
EVINCE_MIME_TYPES='application/pdf;application/x-bzpdf;application/x-gzpdf;application/x-xzpdf;application/postscript;application/x-bzpostscript;application/x-gzpostscript;image/x-eps;image/x-bzeps;image/x-gzeps;image/vnd.djvu;application/x-cbr;application/x-cbz;application/x-cb7;application/x-cbt;'
EV_API_VERSION='3.0'
EV_API_VERSION_U='3_0'
EV_BINARY_VERSION='4'
EV_DAEMON_CFLAGS='-pthread -I/usr/include/glib-2.0 -I/usr/lib/x86_64-linux-gnu/glib-2.0/include -I/usr/include/gio-unix-2.0/   '
EV_DAEMON_LIBS='-lgio-2.0 -lgobject-2.0 -lglib-2.0  '
EV_DOCUMENT_LT_CURRENT_MINUS_AGE='4'
EV_DOCUMENT_LT_VERSION_INFO='4:0:0'
EV_INTLTOOL_EVINCE_BACKEND_RULE='%.evince-backend:   %.evince-backend.in   $(INTLTOOL_MERGE) $(wildcard $(top_srcdir)/po/*.po) ; $(AM_V_GEN) LC_ALL=C $(INTLTOOL_MERGE) -d -u -c $(top_builddir)/po/.intltool-merge-cache $(top_srcdir)/po $< $@'
EV_MAJOR_VERSION='3'
EV_MICRO_VERSION='3'
EV_MINOR_VERSION='10'
EV_VIEW_LT_CURRENT_MINUS_AGE='3'
EV_VIEW_LT_VERSION_INFO='3:0:0'
EXEEXT=''
FGREP='/bin/grep -F'
FRONTEND_CFLAGS='-pthread -I/usr/include/gtk-3.0 -I/usr/include/atk-1.0 -I/usr/include/at-spi2-atk/2.0 -I/usr/include/pango-1.0 -I/usr/include/gio-unix-2.0/ -I/usr/include/cairo -I/usr/include/gdk-pixbuf-2.0 -I/usr/include/glib-2.0 -I/usr/lib/x86_64-linux-gnu/glib-2.0/include -I/usr/include/harfbuzz -I/usr/include/freetype2 -I/usr/include/pixman-1 -I/usr/include/libpng12   '
FRONTEND_CORE_CFLAGS='-pthread -I/usr/include/gtk-3.0 -I/usr/include/atk-1.0 -I/usr/include/at-spi2-atk/2.0 -I/usr/include/pango-1.0 -I/usr/include/gio-unix-2.0/ -I/usr/include/cairo -I/usr/include/gdk-pixbuf-2.0 -I/usr/include/glib-2.0 -I/usr/lib/x86_64-linux-gnu/glib-2.0/include -I/usr/include/harfbuzz -I/usr/include/freetype2 -I/usr/include/pixman-1 -I/usr/include/libpng12  '
FRONTEND_CORE_LIBS='-pthread -lgtk-3 -lgdk-3 -latk-1.0 -lpangocairo-1.0 -lgdk_pixbuf-2.0 -lcairo-gobject -lpango-1.0 -lcairo -lgthread-2.0 -lgio-2.0 -lgobject-2.0 -lgmodule-2.0 -lglib-2.0  '
FRONTEND_LIBS='-pthread -lgtk-3 -lgdk-3 -latk-1.0 -lpangocairo-1.0 -lgdk_pixbuf-2.0 -lcairo-gobject -lpango-1.0 -lcairo -lgthread-2.0 -lgio-2.0 -lgobject-2.0 -lgmodule-2.0 -lglib-2.0   -lz'
GDBUS_CODEGEN='/usr/bin/gdbus-codegen'
GETTEXT_PACKAGE='evince'
GLIB_COMPILE_RESOURCES='/usr/bin/glib-compile-resources'
GLIB_COMPILE_SCHEMAS='/usr/lib/x86_64-linux-gnu/glib-2.0/glib-compile-schemas'
GLIB_GENMARSHAL='/usr/bin/glib-genmarshal'
GLIB_MKENUMS='/usr/bin/glib-mkenums'
GLIB_PREFIX='/usr'
GLIB_REQUIRED='2.36.0'
GMOFILES=''
GMSGFMT='/usr/bin/msgfmt'
GREP='/bin/grep'
GSETTINGS_DISABLE_SCHEMAS_COMPILE=''
GSETTINGS_RULES='
GTKDOC_CHECK=''
GTKDOC_CHECK_PATH=''
GTKDOC_DEPS_CFLAGS=''
GTKDOC_DEPS_LIBS=''
GTKDOC_MKPDF=''
GTKDOC_REBASE='true'
GTKUNIXPRINT_CFLAGS='-pthread -I/usr/include/gtk-3.0/unix-print -I/usr/include/gtk-3.0 -I/usr/include/atk-1.0 -I/usr/include/cairo -I/usr/include/gdk-pixbuf-2.0 -I/usr/include/at-spi2-atk/2.0 -I/usr/include/pango-1.0 -I/usr/include/gio-unix-2.0/ -I/usr/include/glib-2.0 -I/usr/lib/x86_64-linux-gnu/glib-2.0/include -I/usr/include/harfbuzz -I/usr/include/freetype2 -I/usr/include/pixman-1 -I/usr/include/libpng12  '
GTKUNIXPRINT_LIBS='-lgtk-3 -lgdk-3 -latk-1.0 -lgio-2.0 -lpangocairo-1.0 -lgdk_pixbuf-2.0 -lcairo-gobject -lpango-1.0 -lcairo -lgobject-2.0 -lglib-2.0  '
GTK_DOC_BUILD_HTML_FALSE='#'
GTK_DOC_BUILD_HTML_TRUE=''
GTK_DOC_BUILD_PDF_FALSE=''
GTK_DOC_BUILD_PDF_TRUE='#'
GTK_DOC_USE_LIBTOOL_FALSE='#'
GTK_DOC_USE_LIBTOOL_TRUE=''
GTK_DOC_USE_REBASE_FALSE='#'
GTK_DOC_USE_REBASE_TRUE=''
GTK_PREFIX='/usr'
GTK_REQUIRED='3.8.0'
GXPS_CFLAGS=''
GXPS_LIBS=''
HAVE_INTROSPECTION_FALSE=''
HAVE_INTROSPECTION_TRUE='#'
HAVE_SPECTRE_FALSE='#'
HAVE_SPECTRE_TRUE=''
HTML_DIR='${datadir}/gtk-doc/html'
INSTALL_DATA='${INSTALL} -m 644'
INSTALL_PROGRAM='${INSTALL}'
INSTALL_SCRIPT='${INSTALL}'
INSTALL_STRIP_PROGRAM='$(install_sh) -c -s'
INSTOBJEXT='.mo'
INTLLIBS=''
INTLTOOL_CAVES_RULE='%.caves:     %.caves.in     $(INTLTOOL_MERGE) $(wildcard $(top_srcdir)/po/*.po) ; $(INTLTOOL_V_MERGE)LC_ALL=C $(INTLTOOL_MERGE) $(INTLTOOL_V_MERGE_OPTIONS) -d -u -c $(top_builddir)/po/.intltool-merge-cache $(top_srcdir)/po $< $@'
INTLTOOL_DESKTOP_RULE='%.desktop:   %.desktop.in   $(INTLTOOL_MERGE) $(wildcard $(top_srcdir)/po/*.po) ; $(INTLTOOL_V_MERGE)LC_ALL=C $(INTLTOOL_MERGE) $(INTLTOOL_V_MERGE_OPTIONS) -d -u -c $(top_builddir)/po/.intltool-merge-cache $(top_srcdir)/po $< $@'
INTLTOOL_DIRECTORY_RULE='%.directory: %.directory.in $(INTLTOOL_MERGE) $(wildcard $(top_srcdir)/po/*.po) ; $(INTLTOOL_V_MERGE)LC_ALL=C $(INTLTOOL_MERGE) $(INTLTOOL_V_MERGE_OPTIONS) -d -u -c $(top_builddir)/po/.intltool-merge-cache $(top_srcdir)/po $< $@'
INTLTOOL_EXTRACT='/usr/bin/intltool-extract'
INTLTOOL_KBD_RULE='%.kbd:       %.kbd.in       $(INTLTOOL_MERGE) $(wildcard $(top_srcdir)/po/*.po) ; $(INTLTOOL_V_MERGE)LC_ALL=C $(INTLTOOL_MERGE) $(INTLTOOL_V_MERGE_OPTIONS) -x -u -m -c $(top_builddir)/po/.intltool-merge-cache $(top_srcdir)/po $< $@'
INTLTOOL_KEYS_RULE='%.keys:      %.keys.in      $(INTLTOOL_MERGE) $(wildcard $(top_srcdir)/po/*.po) ; $(INTLTOOL_V_MERGE)LC_ALL=C $(INTLTOOL_MERGE) $(INTLTOOL_V_MERGE_OPTIONS) -k -u -c $(top_builddir)/po/.intltool-merge-cache $(top_srcdir)/po $< $@'
INTLTOOL_MERGE='/usr/bin/intltool-merge'
INTLTOOL_OAF_RULE='%.oaf:       %.oaf.in       $(INTLTOOL_MERGE) $(wildcard $(top_srcdir)/po/*.po) ; $(INTLTOOL_V_MERGE)LC_ALL=C $(INTLTOOL_MERGE) $(INTLTOOL_V_MERGE_OPTIONS) -o -p $(top_srcdir)/po $< $@'
INTLTOOL_PERL='/usr/bin/perl'
INTLTOOL_POLICY_RULE='%.policy:    %.policy.in    $(INTLTOOL_MERGE) $(wildcard $(top_srcdir)/po/*.po) ; $(INTLTOOL_V_MERGE)LC_ALL=C $(INTLTOOL_MERGE) $(INTLTOOL_V_MERGE_OPTIONS) -x -u -c $(top_builddir)/po/.intltool-merge-cache $(top_srcdir)/po $< $@'
INTLTOOL_PONG_RULE='%.pong:      %.pong.in      $(INTLTOOL_MERGE) $(wildcard $(top_srcdir)/po/*.po) ; $(INTLTOOL_V_MERGE)LC_ALL=C $(INTLTOOL_MERGE) $(INTLTOOL_V_MERGE_OPTIONS) -x -u -c $(top_builddir)/po/.intltool-merge-cache $(top_srcdir)/po $< $@'
INTLTOOL_PROP_RULE='%.prop:      %.prop.in      $(INTLTOOL_MERGE) $(wildcard $(top_srcdir)/po/*.po) ; $(INTLTOOL_V_MERGE)LC_ALL=C $(INTLTOOL_MERGE) $(INTLTOOL_V_MERGE_OPTIONS) -d -u -c $(top_builddir)/po/.intltool-merge-cache $(top_srcdir)/po $< $@'
INTLTOOL_SCHEMAS_RULE='%.schemas:   %.schemas.in   $(INTLTOOL_MERGE) $(wildcard $(top_srcdir)/po/*.po) ; $(INTLTOOL_V_MERGE)LC_ALL=C $(INTLTOOL_MERGE) $(INTLTOOL_V_MERGE_OPTIONS) -s -u -c $(top_builddir)/po/.intltool-merge-cache $(top_srcdir)/po $< $@'
INTLTOOL_SERVER_RULE='%.server:    %.server.in    $(INTLTOOL_MERGE) $(wildcard $(top_srcdir)/po/*.po) ; $(INTLTOOL_V_MERGE)LC_ALL=C $(INTLTOOL_MERGE) $(INTLTOOL_V_MERGE_OPTIONS) -o -u -c $(top_builddir)/po/.intltool-merge-cache $(top_srcdir)/po $< $@'
INTLTOOL_SERVICE_RULE='%.service: %.service.in   $(INTLTOOL_MERGE) $(wildcard $(top_srcdir)/po/*.po) ; $(INTLTOOL_V_MERGE)LC_ALL=C $(INTLTOOL_MERGE) $(INTLTOOL_V_MERGE_OPTIONS) -d -u -c $(top_builddir)/po/.intltool-merge-cache $(top_srcdir)/po $< $@'
INTLTOOL_SHEET_RULE='%.sheet:     %.sheet.in     $(INTLTOOL_MERGE) $(wildcard $(top_srcdir)/po/*.po) ; $(INTLTOOL_V_MERGE)LC_ALL=C $(INTLTOOL_MERGE) $(INTLTOOL_V_MERGE_OPTIONS) -x -u -c $(top_builddir)/po/.intltool-merge-cache $(top_srcdir)/po $< $@'
INTLTOOL_SOUNDLIST_RULE='%.soundlist: %.soundlist.in $(INTLTOOL_MERGE) $(wildcard $(top_srcdir)/po/*.po) ; $(INTLTOOL_V_MERGE)LC_ALL=C $(INTLTOOL_MERGE) $(INTLTOOL_V_MERGE_OPTIONS) -d -u -c $(top_builddir)/po/.intltool-merge-cache $(top_srcdir)/po $< $@'
INTLTOOL_THEME_RULE='%.theme:     %.theme.in     $(INTLTOOL_MERGE) $(wildcard $(top_srcdir)/po/*.po) ; $(INTLTOOL_V_MERGE)LC_ALL=C $(INTLTOOL_MERGE) $(INTLTOOL_V_MERGE_OPTIONS) -d -u -c $(top_builddir)/po/.intltool-merge-cache $(top_srcdir)/po $< $@'
INTLTOOL_UI_RULE='%.ui:        %.ui.in        $(INTLTOOL_MERGE) $(wildcard $(top_srcdir)/po/*.po) ; $(INTLTOOL_V_MERGE)LC_ALL=C $(INTLTOOL_MERGE) $(INTLTOOL_V_MERGE_OPTIONS) -x -u -c $(top_builddir)/po/.intltool-merge-cache $(top_srcdir)/po $< $@'
INTLTOOL_UPDATE='/usr/bin/intltool-update'
INTLTOOL_V_MERGE='$(INTLTOOL__v_MERGE_$(V))'
INTLTOOL_V_MERGE_OPTIONS='$(intltool__v_merge_options_$(V))'
INTLTOOL_XAM_RULE='%.xam:       %.xml.in       $(INTLTOOL_MERGE) $(wildcard $(top_srcdir)/po/*.po) ; $(INTLTOOL_V_MERGE)LC_ALL=C $(INTLTOOL_MERGE) $(INTLTOOL_V_MERGE_OPTIONS) -x -u -c $(top_builddir)/po/.intltool-merge-cache $(top_srcdir)/po $< $@'
INTLTOOL_XML_NOMERGE_RULE='%.xml:       %.xml.in       $(INTLTOOL_MERGE) ; $(INTLTOOL_V_MERGE)LC_ALL=C $(INTLTOOL_MERGE) $(INTLTOOL_V_MERGE_OPTIONS) -x -u --no-translations $< $@'
INTLTOOL_XML_RULE='%.xml:       %.xml.in       $(INTLTOOL_MERGE) $(wildcard $(top_srcdir)/po/*.po) ; $(INTLTOOL_V_MERGE)LC_ALL=C $(INTLTOOL_MERGE) $(INTLTOOL_V_MERGE_OPTIONS) -x -u -c $(top_builddir)/po/.intltool-merge-cache $(top_srcdir)/po $< $@'
INTLTOOL__v_MERGE_0='@echo "  ITMRG " $@;'
INTLTOOL__v_MERGE_='$(INTLTOOL__v_MERGE_$(AM_DEFAULT_VERBOSITY))'
INTROSPECTION_CFLAGS=''
INTROSPECTION_COMPILER=''
INTROSPECTION_GENERATE=''
INTROSPECTION_GIRDIR=''
INTROSPECTION_LIBS=''
INTROSPECTION_MAKEFILE=''
INTROSPECTION_SCANNER=''
INTROSPECTION_TYPELIBDIR=''
LD='/usr/bin/ld -m elf_x86_64'
LDFLAGS=''
LIBDOCUMENT_CFLAGS='-pthread -I/usr/include/gtk-3.0 -I/usr/include/atk-1.0 -I/usr/include/at-spi2-atk/2.0 -I/usr/include/pango-1.0 -I/usr/include/gio-unix-2.0/ -I/usr/include/cairo -I/usr/include/gdk-pixbuf-2.0 -I/usr/include/glib-2.0 -I/usr/lib/x86_64-linux-gnu/glib-2.0/include -I/usr/include/harfbuzz -I/usr/include/freetype2 -I/usr/include/pixman-1 -I/usr/include/libpng12   '
LIBDOCUMENT_LIBS='-pthread -Wl,--export-dynamic -lgtk-3 -lgdk-3 -latk-1.0 -lpangocairo-1.0 -lgdk_pixbuf-2.0 -lcairo-gobject -lpango-1.0 -lcairo -lgio-2.0 -lgobject-2.0 -lgmodule-2.0 -lglib-2.0  '
LIBGRIP_CFLAGS=''
LIBGRIP_LIBS=''
LIBM='-lm'
LIBOBJS=''
LIBS=''
LIBSECRET_CFLAGS='-pthread -I/usr/include/libsecret-1 -I/usr/include/glib-2.0 -I/usr/lib/x86_64-linux-gnu/glib-2.0/include  '
LIBSECRET_LIBS='-lsecret-1 -lgio-2.0 -lgobject-2.0 -lglib-2.0  '
LIBTOOL='$(SHELL) $(top_builddir)/libtool'
LIBVIEW_CFLAGS='-pthread -I/usr/include/gtk-3.0 -I/usr/include/atk-1.0 -I/usr/include/at-spi2-atk/2.0 -I/usr/include/pango-1.0 -I/usr/include/gio-unix-2.0/ -I/usr/include/cairo -I/usr/include/gdk-pixbuf-2.0 -I/usr/include/glib-2.0 -I/usr/lib/x86_64-linux-gnu/glib-2.0/include -I/usr/include/harfbuzz -I/usr/include/freetype2 -I/usr/include/pixman-1 -I/usr/include/libpng12 -I/usr/include/gail-3.0   -pthread -I/usr/include/gtk-3.0/unix-print -I/usr/include/gtk-3.0 -I/usr/include/atk-1.0 -I/usr/include/cairo -I/usr/include/gdk-pixbuf-2.0 -I/usr/include/at-spi2-atk/2.0 -I/usr/include/pango-1.0 -I/usr/include/gio-unix-2.0/ -I/usr/include/glib-2.0 -I/usr/lib/x86_64-linux-gnu/glib-2.0/include -I/usr/include/harfbuzz -I/usr/include/freetype2 -I/usr/include/pixman-1 -I/usr/include/libpng12    '
LIBVIEW_LIBS='-pthread -lgailutil-3 -lgtk-3 -lgdk-3 -latk-1.0 -lpangocairo-1.0 -lgdk_pixbuf-2.0 -lcairo-gobject -lpango-1.0 -lcairo -lgthread-2.0 -lgio-2.0 -lgobject-2.0 -lglib-2.0   -lgtk-3 -lgdk-3 -latk-1.0 -lgio-2.0 -lpangocairo-1.0 -lgdk_pixbuf-2.0 -lcairo-gobject -lpango-1.0 -lcairo -lgobject-2.0 -lglib-2.0    -lm'
LIPO=''
LN_S='ln -s'
LTLIBOBJS=''
MAINT=''
MAINTAINER_MODE_FALSE='#'
MAINTAINER_MODE_TRUE=''
MAKEINFO='${SHELL} /home/breadchris/Documents/Break/evince-3.10.3/missing makeinfo'
MANIFEST_TOOL=':'
MKDIR_P='/bin/mkdir -p'
MKINSTALLDIRS='./mkinstalldirs'
MSGFMT='/usr/bin/msgfmt'
MSGFMT_OPTS='-c'
MSGMERGE='/usr/bin/msgmerge'
NAUTILUS_CFLAGS=''
NAUTILUS_EXTENSION_DIR=''
NAUTILUS_LIBS=''
NM='/usr/bin/nm -B'
NMEDIT=''
OBJDUMP='objdump'
OBJEXT='o'
OTOOL64=''
OTOOL=''
PACKAGE='evince'
PACKAGE_BUGREPORT='http://bugzilla.gnome.org/enter_bug.cgi?product=evince'
PACKAGE_NAME='Evince'
PACKAGE_STRING='Evince 3.10.3'
PACKAGE_TARNAME='evince'
PACKAGE_URL=''
PACKAGE_VERSION='3.10.3'
PATH_SEPARATOR=':'
PKG_CONFIG='/usr/bin/pkg-config'
PKG_CONFIG_LIBDIR=''
PKG_CONFIG_PATH=''
PLATFORM_WIN32_FALSE=''
PLATFORM_WIN32_TRUE='#'
POFILES=''
POPPLER_CFLAGS='-pthread -I/usr/include/poppler/glib -I/usr/include/poppler -I/usr/include/glib-2.0 -I/usr/lib/x86_64-linux-gnu/glib-2.0/include -I/usr/include/cairo -I/usr/include/pixman-1 -I/usr/include/freetype2 -I/usr/include/libpng12 -I/usr/include/libxml2  '
POPPLER_LIBS='-lpoppler-glib -lgio-2.0 -lcairo -lgobject-2.0 -lglib-2.0 -lxml2  '
POSUB='po'
PO_IN_DATADIR_FALSE=''
PO_IN_DATADIR_TRUE=''
PREVIEWER_CFLAGS='-pthread -I/usr/include/gtk-3.0 -I/usr/include/atk-1.0 -I/usr/include/at-spi2-atk/2.0 -I/usr/include/pango-1.0 -I/usr/include/gio-unix-2.0/ -I/usr/include/cairo -I/usr/include/gdk-pixbuf-2.0 -I/usr/include/glib-2.0 -I/usr/lib/x86_64-linux-gnu/glib-2.0/include -I/usr/include/harfbuzz -I/usr/include/freetype2 -I/usr/include/pixman-1 -I/usr/include/libpng12   -pthread -I/usr/include/gtk-3.0/unix-print -I/usr/include/gtk-3.0 -I/usr/include/atk-1.0 -I/usr/include/cairo -I/usr/include/gdk-pixbuf-2.0 -I/usr/include/at-spi2-atk/2.0 -I/usr/include/pango-1.0 -I/usr/include/gio-unix-2.0/ -I/usr/include/glib-2.0 -I/usr/lib/x86_64-linux-gnu/glib-2.0/include -I/usr/include/harfbuzz -I/usr/include/freetype2 -I/usr/include/pixman-1 -I/usr/include/libpng12   '
PREVIEWER_LIBS='-pthread -lgtk-3 -lgdk-3 -latk-1.0 -lpangocairo-1.0 -lgdk_pixbuf-2.0 -lcairo-gobject -lpango-1.0 -lcairo -lgthread-2.0 -lgio-2.0 -lgobject-2.0 -lgmodule-2.0 -lglib-2.0   -lgtk-3 -lgdk-3 -latk-1.0 -lgio-2.0 -lpangocairo-1.0 -lgdk_pixbuf-2.0 -lcairo-gobject -lpango-1.0 -lcairo -lgobject-2.0 -lglib-2.0   -lz'
RANLIB='ranlib'
SED='/bin/sed'
SET_MAKE=''
SHELL='/bin/bash'
SHELL_CFLAGS='-pthread -I/usr/include/libxml2 -I/usr/include/gtk-3.0 -I/usr/include/atk-1.0 -I/usr/include/at-spi2-atk/2.0 -I/usr/include/pango-1.0 -I/usr/include/gio-unix-2.0/ -I/usr/include/cairo -I/usr/include/gdk-pixbuf-2.0 -I/usr/include/glib-2.0 -I/usr/lib/x86_64-linux-gnu/glib-2.0/include -I/usr/include/harfbuzz -I/usr/include/freetype2 -I/usr/include/pixman-1 -I/usr/include/libpng12   -pthread -I/usr/include/libsecret-1 -I/usr/include/glib-2.0 -I/usr/lib/x86_64-linux-gnu/glib-2.0/include   -DGDK_MULTIHEAD_SAFE -DGTK_MULTIHEAD_SAFE '
SHELL_CORE_CFLAGS='-pthread -I/usr/include/libxml2 -I/usr/include/gtk-3.0 -I/usr/include/atk-1.0 -I/usr/include/at-spi2-atk/2.0 -I/usr/include/pango-1.0 -I/usr/include/gio-unix-2.0/ -I/usr/include/cairo -I/usr/include/gdk-pixbuf-2.0 -I/usr/include/glib-2.0 -I/usr/lib/x86_64-linux-gnu/glib-2.0/include -I/usr/include/harfbuzz -I/usr/include/freetype2 -I/usr/include/pixman-1 -I/usr/include/libpng12  '
SHELL_CORE_LIBS='-pthread -lxml2 -lgtk-3 -lgdk-3 -latk-1.0 -lpangocairo-1.0 -lgdk_pixbuf-2.0 -lcairo-gobject -lpango-1.0 -lcairo -lgio-2.0 -lgobject-2.0 -lgmodule-2.0 -lgthread-2.0 -lglib-2.0  '
SHELL_LIBS='-pthread -lxml2 -lgtk-3 -lgdk-3 -latk-1.0 -lpangocairo-1.0 -lgdk_pixbuf-2.0 -lcairo-gobject -lpango-1.0 -lcairo -lgio-2.0 -lgobject-2.0 -lgmodule-2.0 -lgthread-2.0 -lglib-2.0   -lsecret-1 -lgio-2.0 -lgobject-2.0 -lglib-2.0   -lz -lm'
SMCLIENT_CFLAGS='-pthread -I/usr/include/gtk-3.0 -I/usr/include/atk-1.0 -I/usr/include/at-spi2-atk/2.0 -I/usr/include/pango-1.0 -I/usr/include/gio-unix-2.0/ -I/usr/include/cairo -I/usr/include/gdk-pixbuf-2.0 -I/usr/include/glib-2.0 -I/usr/lib/x86_64-linux-gnu/glib-2.0/include -I/usr/include/harfbuzz -I/usr/include/freetype2 -I/usr/include/pixman-1 -I/usr/include/libpng12  '
SMCLIENT_LIBS='-pthread -lgtk-3 -lgdk-3 -latk-1.0 -lgio-2.0 -lpangocairo-1.0 -lgdk_pixbuf-2.0 -lcairo-gobject -lpango-1.0 -lcairo -lgobject-2.0 -lgthread-2.0 -lglib-2.0 -lSM -lICE -lX11  '
SPECTRE_CFLAGS=' '
SPECTRE_LIBS='-lspectre  '
STRIP='strip'
USE_NLS='yes'
VERSION='3.10.3'
WARN_CFLAGS=' -Wall -Wstrict-prototypes -Wnested-externs '
WARN_CXXFLAGS='-g -O2 -Wall -Wno-unused '
WINDRES=''
WITH_KEYRING_FALSE='#'
WITH_KEYRING_TRUE=''
WITH_SMCLIENT_FALSE='#'
WITH_SMCLIENT_QUARTZ_FALSE=''
WITH_SMCLIENT_QUARTZ_TRUE='#'
WITH_SMCLIENT_TRUE=''
WITH_SMCLIENT_WIN32_FALSE=''
WITH_SMCLIENT_WIN32_TRUE='#'
WITH_SMCLIENT_XSMP_FALSE='#'
WITH_SMCLIENT_XSMP_TRUE=''
WITH_TYPE1_FONTS_FALSE=''
WITH_TYPE1_FONTS_TRUE='#'
XGETTEXT='/usr/bin/xgettext'
XMLLINT='/usr/bin/xmllint'
ZLIB_LIBS='-lz'
ac_ct_AR='ar'
ac_ct_CC='clang'
ac_ct_CXX='g++'
ac_ct_DUMPBIN=''
all-am: $(gsettings_SCHEMAS:.xml=.valid)
am__EXEEXT_FALSE=''
am__EXEEXT_TRUE='#'
am__fastdepCC_FALSE='#'
am__fastdepCC_TRUE=''
am__fastdepCXX_FALSE='#'
am__fastdepCXX_TRUE=''
am__include='include'
am__isrc=''
am__leading_dot='.'
am__nodep='_no'
am__quote=''
am__tar='tar --format=ustar -chf - "$$tardir"'
am__untar='tar -xf -'
backend_binary_version='4'
backenddir='$(libdir)/evince/4/backends'
bindir='${exec_prefix}/bin'
build='x86_64-unknown-linux-gnu'
build_alias=''
build_cpu='x86_64'
build_os='linux-gnu'
build_vendor='unknown'
clean-gsettings-schemas:
datadir='${datarootdir}'
datarootdir='${prefix}/share'
docdir='${datarootdir}/doc/${PACKAGE_TARNAME}'
dvidir='${docdir}'
endif'
exec_prefix='${prefix}'
gsettings__enum_file = $(addsuffix .enums.xml,$(gsettings_ENUM_NAMESPACE))
gsettingsschemadir='${datarootdir}/glib-2.0/schemas'
host='x86_64-unknown-linux-gnu'
host_alias=''
host_cpu='x86_64'
host_os='linux-gnu'
host_vendor='unknown'
htmldir='${docdir}'
ifdef gsettings_ENUM_NAMESPACE
includedir='${prefix}/include'
infodir='${datarootdir}/info'
install-data-am: install-gsettings-schemas
install-gsettings-schemas: $(gsettings_SCHEMAS) $(gsettings__enum_file)
install_sh='${SHELL} /home/breadchris/Documents/Break/evince-3.10.3/install-sh'
intltool__v_merge_options_0='-q'
intltool__v_merge_options_='$(intltool__v_merge_options_$(AM_DEFAULT_VERBOSITY))'
libdir='${exec_prefix}/lib'
libexecdir='${exec_prefix}/libexec'
localedir='${datarootdir}/locale'
localstatedir='${prefix}/var'
mandir='${datarootdir}/man'
mkdir_p='$(MKDIR_P)'
mostlyclean-am: clean-gsettings-schemas
oldincludedir='/usr/include'
pdfdir='${docdir}'
prefix='/usr/local'
program_transform_name='s,x,x,'
psdir='${docdir}'
sbindir='${exec_prefix}/sbin'
sharedstatedir='${prefix}/com'
sysconfdir='${prefix}/etc'
target_alias=''
uninstall-am: uninstall-gsettings-schemas
uninstall-gsettings-schemas:

## ----------- ##
## confdefs.h. ##
## ----------- ##

/* confdefs.h */
#define PACKAGE_NAME "Evince"
#define PACKAGE_TARNAME "evince"
#define PACKAGE_VERSION "3.10.3"
#define PACKAGE_STRING "Evince 3.10.3"
#define PACKAGE_BUGREPORT "http://bugzilla.gnome.org/enter_bug.cgi?product=evince"
#define PACKAGE_URL ""
#define PACKAGE "evince"
#define VERSION "3.10.3"
#define STDC_HEADERS 1
#define HAVE_SYS_TYPES_H 1
#define HAVE_SYS_STAT_H 1
#define HAVE_STDLIB_H 1
#define HAVE_STRING_H 1
#define HAVE_MEMORY_H 1
#define HAVE_STRINGS_H 1
#define HAVE_INTTYPES_H 1
#define HAVE_STDINT_H 1
#define HAVE_UNISTD_H 1
#define HAVE_DLFCN_H 1
#define LT_OBJDIR ".libs/"
#define GETTEXT_PACKAGE "evince"
#define HAVE_LOCALE_H 1
#define HAVE_LC_MESSAGES 1
#define HAVE_BIND_TEXTDOMAIN_CODESET 1
#define HAVE_GETTEXT 1
#define HAVE_DCGETTEXT 1
#define ENABLE_NLS 1
#define GDK_VERSION_MIN_REQUIRED GDK_VERSION_3_8
#define HAVE_ZLIB_H 1
#define WITH_SMCLIENT 1
#define HAVE_CAIRO_FORMAT_STRIDE_FOR_WIDTH 1
#define GTKUNIXPRINT_ENABLED 1
#define WITH_KEYRING 1
#define ENABLE_DBUS 1
#define HAVE_DESKTOP_SCHEMAS 1
#define HAVE_EXECINFO_H 1
#define HAVE__NL_MEASUREMENT_MEASUREMENT 1
#define HAVE_CAIRO_PDF 1
#define HAVE_CAIRO_PS 1
#define HAVE_SPECTRE 1
#define ENABLE_PS 1
#define ENABLE_DJVU 1
#define SIZEOF_LONG 8
#define SIZEOF_INT 4
#define SIZEOF_SHORT 2
#define SIZEOF_LONG_LONG 8
#define SIZEOF_VOID_P 8
#define ENABLE_COMICS 1
#define HAVE_LOCALTIME_R 1

configure: exit 0
